{"numFailedTestSuites":0,"numFailedTests":0,"numPassedTestSuites":17,"numPassedTests":35,"numPendingTestSuites":0,"numPendingTests":0,"numRuntimeErrorTestSuites":0,"numTotalTestSuites":17,"numTotalTests":35,"openHandles":[],"snapshot":{"added":0,"didUpdate":false,"failure":false,"filesAdded":0,"filesRemoved":0,"filesUnmatched":0,"filesUpdated":0,"matched":34,"total":34,"unchecked":0,"uncheckedKeysByFile":[],"unmatched":0,"updated":0},"startTime":1544682998292,"success":true,"testResults":[{"assertionResults":[{"ancestorTitles":["<AccordionItem>"],"failureMessages":[],"fullName":"<AccordionItem> Should render correctly","location":null,"status":"passed","title":"Should render correctly"},{"ancestorTitles":["<AccordionItem>"],"failureMessages":[],"fullName":"<AccordionItem> Should set inline styles","location":null,"status":"passed","title":"Should set inline styles"}],"endTime":1544683001581,"message":"","name":"/Users/alexlopez/Desktop/uikit-react/src/__test__/Accordion/AccordionItem.test.tsx","startTime":1544683000371,"status":"passed","summary":""},{"assertionResults":[{"ancestorTitles":["<Breadcrumb>"],"failureMessages":[],"fullName":"<Breadcrumb> Should render with links","location":null,"status":"passed","title":"Should render with links"}],"endTime":1544683001596,"message":"","name":"/Users/alexlopez/Desktop/uikit-react/src/__test__/Breadcrumb/Breadcrumb.test.tsx","startTime":1544683000409,"status":"passed","summary":""},{"assertionResults":[{"ancestorTitles":["<Accordion>"],"failureMessages":[],"fullName":"<Accordion> Should render accordion element with children and without props","location":null,"status":"passed","title":"Should render accordion element with children and without props"},{"ancestorTitles":["<Accordion>"],"failureMessages":[],"fullName":"<Accordion> Should render accordion element with props and children","location":null,"status":"passed","title":"Should render accordion element with props and children"},{"ancestorTitles":["<Accordion>"],"failureMessages":[],"fullName":"<Accordion> Should handle events ","location":null,"status":"passed","title":"Should handle events "},{"ancestorTitles":["<Accordion>"],"failureMessages":[],"fullName":"<Accordion> Should be mount","location":null,"status":"passed","title":"Should be mount"}],"endTime":1544683001626,"message":"","name":"/Users/alexlopez/Desktop/uikit-react/src/__test__/Accordion/Accordion.test.tsx","startTime":1544683000355,"status":"passed","summary":""},{"assertionResults":[{"ancestorTitles":["<Alert>"],"failureMessages":[],"fullName":"<Alert> Should render with only content","location":null,"status":"passed","title":"Should render with only content"},{"ancestorTitles":["<Alert>"],"failureMessages":[],"fullName":"<Alert> Should render with props","location":null,"status":"passed","title":"Should render with props"}],"endTime":1544683002022,"message":"","name":"/Users/alexlopez/Desktop/uikit-react/src/__test__/Alert/Alert.test.tsx","startTime":1544683001834,"status":"passed","summary":""},{"assertionResults":[{"ancestorTitles":["<Button>"],"failureMessages":[],"fullName":"<Button> Should render card with footer, header, title, and body","location":null,"status":"passed","title":"Should render card with footer, header, title, and body"},{"ancestorTitles":["<Button>"],"failureMessages":[],"fullName":"<Button> Should render card with hover","location":null,"status":"passed","title":"Should render card with hover"},{"ancestorTitles":["<Button>"],"failureMessages":[],"fullName":"<Button> Should render card with color","location":null,"status":"passed","title":"Should render card with color"}],"endTime":1544683002024,"message":"","name":"/Users/alexlopez/Desktop/uikit-react/src/__test__/Card/Card.test.tsx","startTime":1544683001828,"status":"passed","summary":""},{"assertionResults":[{"ancestorTitles":["<Article>"],"failureMessages":[],"fullName":"<Article> Should render with only title and content","location":null,"status":"passed","title":"Should render with only title and content"},{"ancestorTitles":["<Article>"],"failureMessages":[],"fullName":"<Article> Should render with props","location":null,"status":"passed","title":"Should render with props"}],"endTime":1544683002060,"message":"","name":"/Users/alexlopez/Desktop/uikit-react/src/__test__/Article/Article.test.tsx","startTime":1544683001871,"status":"passed","summary":""},{"assertionResults":[{"ancestorTitles":["<Dark>"],"failureMessages":[],"fullName":"<Dark> Should render Dark mode","location":null,"status":"passed","title":"Should render Dark mode"},{"ancestorTitles":["<Light"],"failureMessages":[],"fullName":"<Light Should render Light mode","location":null,"status":"passed","title":"Should render Light mode"}],"endTime":1544683002433,"message":"","name":"/Users/alexlopez/Desktop/uikit-react/src/__test__/Inverse/Inverse.test.tsx","startTime":1544683002264,"status":"passed","summary":""},{"assertionResults":[{"ancestorTitles":["<Dropdown>"],"failureMessages":[],"fullName":"<Dropdown> Should render without props","location":null,"status":"passed","title":"Should render without props"},{"ancestorTitles":["<Dropdown>"],"failureMessages":[],"fullName":"<Dropdown> Should render with clickable","location":null,"status":"passed","title":"Should render with clickable"}],"endTime":1544683002460,"message":"","name":"/Users/alexlopez/Desktop/uikit-react/src/__test__/Dropdown/Dropdown.test.tsx","startTime":1544683002266,"status":"passed","summary":""},{"assertionResults":[{"ancestorTitles":["<Cover>"],"failureMessages":[],"fullName":"<Cover> Should render with image","location":null,"status":"passed","title":"Should render with image"},{"ancestorTitles":["<Cover>"],"failureMessages":[],"fullName":"<Cover> Should render with video","location":null,"status":"passed","title":"Should render with video"}],"endTime":1544683002521,"message":"","name":"/Users/alexlopez/Desktop/uikit-react/src/__test__/Cover/Cover.test.tsx","startTime":1544683002286,"status":"passed","summary":""},{"assertionResults":[{"ancestorTitles":["<Icon>"],"failureMessages":[],"fullName":"<Icon> Should render Link","location":null,"status":"passed","title":"Should render Link"},{"ancestorTitles":["<Icon>"],"failureMessages":[],"fullName":"<Icon> Should render Button","location":null,"status":"passed","title":"Should render Button"},{"ancestorTitles":["<Icon>"],"failureMessages":[],"fullName":"<Icon> Should render image","location":null,"status":"passed","title":"Should render image"}],"endTime":1544683002840,"message":"","name":"/Users/alexlopez/Desktop/uikit-react/src/__test__/Icon/Icon.test.tsx","startTime":1544683002686,"status":"passed","summary":""},{"assertionResults":[{"ancestorTitles":["<Image>"],"failureMessages":[],"fullName":"<Image> Should render Image","location":null,"status":"passed","title":"Should render Image"}],"endTime":1544683002884,"message":"","name":"/Users/alexlopez/Desktop/uikit-react/src/__test__/Image/Image.test.tsx","startTime":1544683002702,"status":"passed","summary":""},{"assertionResults":[{"ancestorTitles":["<Badge>"],"failureMessages":[],"fullName":"<Badge> Should render with count","location":null,"status":"passed","title":"Should render with count"}],"endTime":1544683002928,"message":"","name":"/Users/alexlopez/Desktop/uikit-react/src/__test__/Badge/Badge.test.tsx","startTime":1544683002732,"status":"passed","summary":""},{"assertionResults":[{"ancestorTitles":["<Button>"],"failureMessages":[],"fullName":"<Button> Should render without props","location":null,"status":"passed","title":"Should render without props"},{"ancestorTitles":["<Button>"],"failureMessages":[],"fullName":"<Button> Should render with props","location":null,"status":"passed","title":"Should render with props"}],"endTime":1544683003194,"message":"","name":"/Users/alexlopez/Desktop/uikit-react/src/__test__/Button/Button.test.tsx","startTime":1544683003034,"status":"passed","summary":""},{"assertionResults":[{"ancestorTitles":["<Flex>"],"failureMessages":[],"fullName":"<Flex> Should render without props","location":null,"status":"passed","title":"Should render without props"},{"ancestorTitles":["<Flex>"],"failureMessages":[],"fullName":"<Flex> Should render with props","location":null,"status":"passed","title":"Should render with props"}],"endTime":1544683003254,"message":"","name":"/Users/alexlopez/Desktop/uikit-react/src/__test__/Flex/Flex.test.tsx","startTime":1544683003078,"status":"passed","summary":""},{"assertionResults":[{"ancestorTitles":["<Panel>"],"failureMessages":[],"fullName":"<Panel> Should render without props","location":null,"status":"passed","title":"Should render without props"},{"ancestorTitles":["<Panel>"],"failureMessages":[],"fullName":"<Panel> Should render with props","location":null,"status":"passed","title":"Should render with props"}],"endTime":1544683003323,"message":"","name":"/Users/alexlopez/Desktop/uikit-react/src/__test__/Panel/Panel.test.tsx","startTime":1544683003110,"status":"passed","summary":""},{"assertionResults":[{"ancestorTitles":["<Grid>"],"failureMessages":[],"fullName":"<Grid> Should render without props","location":null,"status":"passed","title":"Should render without props"},{"ancestorTitles":["<Grid>"],"failureMessages":[],"fullName":"<Grid> Should render with props","location":null,"status":"passed","title":"Should render with props"}],"endTime":1544683003505,"message":"","name":"/Users/alexlopez/Desktop/uikit-react/src/__test__/Grid/Grid.test.tsx","startTime":1544683003388,"status":"passed","summary":""},{"assertionResults":[{"ancestorTitles":["<Container>"],"failureMessages":[],"fullName":"<Container> Should render without props","location":null,"status":"passed","title":"Should render without props"},{"ancestorTitles":["<Container>"],"failureMessages":[],"fullName":"<Container> Should render with size","location":null,"status":"passed","title":"Should render with size"}],"endTime":1544683003546,"message":"","name":"/Users/alexlopez/Desktop/uikit-react/src/__test__/Container/Container.test.tsx","startTime":1544683003435,"status":"passed","summary":""}],"wasInterrupted":false,"coverageMap":{"/Users/alexlopez/Desktop/uikit-react/config/polyfills.js":{"path":"/Users/alexlopez/Desktop/uikit-react/config/polyfills.js","statementMap":{"0":{"start":{"line":1,"column":16},"end":{"line":1,"column":52}},"1":{"start":{"line":4,"column":0},"end":{"line":4,"column":34}},"2":{"start":{"line":6,"column":0},"end":{"line":8,"column":4}}},"fnMap":{},"branchMap":{},"s":{"0":17,"1":17,"2":17},"f":{},"b":{},"_coverageSchema":"332fd63041d2c1bcb487cc26dd0d5f7d97098a6c","hash":"d55b21849c04ebbbb3a6d07adf2f71c339f2b97a"},"/Users/alexlopez/Desktop/uikit-react/src/components/Accordion/index.ts":{"path":"/Users/alexlopez/Desktop/uikit-react/src/components/Accordion/index.ts","statementMap":{"0":{"start":{"line":1,"column":0},"end":{"line":1,"column":27}},"1":{"start":{"line":2,"column":0},"end":{"line":2,"column":31}}},"fnMap":{},"branchMap":{},"s":{"0":1,"1":1},"f":{},"b":{}},"/Users/alexlopez/Desktop/uikit-react/src/components/Accordion/Accordion.tsx":{"path":"/Users/alexlopez/Desktop/uikit-react/src/components/Accordion/Accordion.tsx","statementMap":{"0":{"start":{"line":1,"column":0},"end":{"line":1,"column":29}},"1":{"start":{"line":2,"column":0},"end":{"line":2,"column":58}},"2":{"start":{"line":4,"column":14},"end":{"line":4,"column":30}},"3":{"start":{"line":6,"column":0},"end":{"line":6,"column":46}},"4":{"start":{"line":6,"column":31},"end":{"line":6,"column":67}},"5":{"start":{"line":12,"column":4},"end":{"line":12,"column":16}},"6":{"start":{"line":13,"column":4},"end":{"line":13,"column":41}},"7":{"start":{"line":16,"column":2},"end":{"line":69,"column":3}},"8":{"start":{"line":16,"column":2},"end":{"line":69,"column":2}},"9":{"start":{"line":17,"column":4},"end":{"line":17,"column":23}},"10":{"start":{"line":19,"column":4},"end":{"line":68,"column":5}},"11":{"start":{"line":20,"column":14},"end":{"line":20,"column":21}},"12":{"start":{"line":21,"column":6},"end":{"line":21,"column":74}},"13":{"start":{"line":23,"column":6},"end":{"line":67,"column":7}},"14":{"start":{"line":24,"column":8},"end":{"line":66,"column":9}},"15":{"start":{"line":28,"column":30},"end":{"line":28,"column":36}},"16":{"start":{"line":32,"column":12},"end":{"line":34,"column":13}},"17":{"start":{"line":33,"column":14},"end":{"line":33,"column":52}},"18":{"start":{"line":38,"column":12},"end":{"line":40,"column":13}},"19":{"start":{"line":39,"column":14},"end":{"line":39,"column":46}},"20":{"start":{"line":44,"column":12},"end":{"line":46,"column":13}},"21":{"start":{"line":45,"column":14},"end":{"line":45,"column":47}},"22":{"start":{"line":50,"column":12},"end":{"line":52,"column":13}},"23":{"start":{"line":51,"column":14},"end":{"line":51,"column":52}},"24":{"start":{"line":56,"column":12},"end":{"line":58,"column":13}},"25":{"start":{"line":57,"column":14},"end":{"line":57,"column":46}},"26":{"start":{"line":62,"column":12},"end":{"line":64,"column":13}},"27":{"start":{"line":63,"column":14},"end":{"line":63,"column":48}},"28":{"start":{"line":71,"column":2},"end":{"line":75,"column":3}},"29":{"start":{"line":72,"column":4},"end":{"line":72,"column":24}},"30":{"start":{"line":74,"column":4},"end":{"line":74,"column":53}},"31":{"start":{"line":74,"column":24},"end":{"line":74,"column":53}},"32":{"start":{"line":77,"column":2},"end":{"line":88,"column":3}},"33":{"start":{"line":78,"column":4},"end":{"line":87,"column":5}},"34":{"start":{"line":89,"column":0},"end":{"line":89,"column":1}},"35":{"start":{"line":6,"column":13},"end":{"line":6,"column":22}},"36":{"start":{"line":91,"column":0},"end":{"line":91,"column":24}}},"fnMap":{"0":{"name":"(anonymous_5)","decl":{"start":{"line":6,"column":0},"end":{"line":null,"column":-1}},"loc":{"start":{"line":6,"column":0},"end":{"line":6,"column":-1}}},"1":{"name":"Accordion","decl":{"start":{"line":11,"column":2},"end":{"line":11,"column":13}},"loc":{"start":{"line":11,"column":35},"end":{"line":14,"column":3}}},"2":{"name":"(anonymous_7)","decl":{"start":{"line":16,"column":2},"end":{"line":null,"column":-1}},"loc":{"start":{"line":16,"column":2},"end":{"line":69,"column":3}}},"3":{"name":"(anonymous_8)","decl":{"start":{"line":27,"column":10},"end":{"line":27,"column":9}},"loc":{"start":{"line":27,"column":11},"end":{"line":65,"column":11}}},"4":{"name":"(anonymous_9)","decl":{"start":{"line":71,"column":2},"end":{"line":null,"column":-1}},"loc":{"start":{"line":71,"column":2},"end":{"line":75,"column":3}}},"5":{"name":"(anonymous_10)","decl":{"start":{"line":77,"column":2},"end":{"line":null,"column":-1}},"loc":{"start":{"line":77,"column":2},"end":{"line":88,"column":3}}}},"branchMap":{"0":{"loc":{"start":{"line":12,"column":4},"end":{"line":12,"column":16}},"type":"binary-expr","locations":[{"start":{"line":12,"column":4},"end":{"line":12,"column":16}},{"start":{"line":12,"column":16},"end":{"line":14,"column":2}}]},"1":{"loc":{"start":{"line":19,"column":4},"end":{"line":68,"column":5}},"type":"if","locations":[{"start":{"line":19,"column":4},"end":{"line":68,"column":5}},{"start":{"line":19,"column":4},"end":{"line":68,"column":5}}]},"2":{"loc":{"start":{"line":23,"column":6},"end":{"line":67,"column":7}},"type":"if","locations":[{"start":{"line":23,"column":6},"end":{"line":67,"column":7}},{"start":{"line":23,"column":6},"end":{"line":67,"column":7}}]},"3":{"loc":{"start":{"line":32,"column":12},"end":{"line":34,"column":13}},"type":"if","locations":[{"start":{"line":32,"column":12},"end":{"line":34,"column":13}},{"start":{"line":32,"column":12},"end":{"line":34,"column":13}}]},"4":{"loc":{"start":{"line":32,"column":16},"end":{"line":32,"column":42}},"type":"binary-expr","locations":[{"start":{"line":32,"column":16},"end":{"line":32,"column":42}},{"start":{"line":32,"column":46},"end":{"line":32,"column":69}}]},"5":{"loc":{"start":{"line":38,"column":12},"end":{"line":40,"column":13}},"type":"if","locations":[{"start":{"line":38,"column":12},"end":{"line":40,"column":13}},{"start":{"line":38,"column":12},"end":{"line":40,"column":13}}]},"6":{"loc":{"start":{"line":38,"column":16},"end":{"line":38,"column":36}},"type":"binary-expr","locations":[{"start":{"line":38,"column":16},"end":{"line":38,"column":36}},{"start":{"line":38,"column":40},"end":{"line":38,"column":57}}]},"7":{"loc":{"start":{"line":44,"column":12},"end":{"line":46,"column":13}},"type":"if","locations":[{"start":{"line":44,"column":12},"end":{"line":46,"column":13}},{"start":{"line":44,"column":12},"end":{"line":46,"column":13}}]},"8":{"loc":{"start":{"line":44,"column":16},"end":{"line":44,"column":37}},"type":"binary-expr","locations":[{"start":{"line":44,"column":16},"end":{"line":44,"column":37}},{"start":{"line":44,"column":41},"end":{"line":44,"column":59}}]},"9":{"loc":{"start":{"line":50,"column":12},"end":{"line":52,"column":13}},"type":"if","locations":[{"start":{"line":50,"column":12},"end":{"line":52,"column":13}},{"start":{"line":50,"column":12},"end":{"line":52,"column":13}}]},"10":{"loc":{"start":{"line":50,"column":16},"end":{"line":50,"column":42}},"type":"binary-expr","locations":[{"start":{"line":50,"column":16},"end":{"line":50,"column":42}},{"start":{"line":50,"column":46},"end":{"line":50,"column":69}}]},"11":{"loc":{"start":{"line":56,"column":12},"end":{"line":58,"column":13}},"type":"if","locations":[{"start":{"line":56,"column":12},"end":{"line":58,"column":13}},{"start":{"line":56,"column":12},"end":{"line":58,"column":13}}]},"12":{"loc":{"start":{"line":56,"column":16},"end":{"line":56,"column":36}},"type":"binary-expr","locations":[{"start":{"line":56,"column":16},"end":{"line":56,"column":36}},{"start":{"line":56,"column":40},"end":{"line":56,"column":57}}]},"13":{"loc":{"start":{"line":62,"column":12},"end":{"line":64,"column":13}},"type":"if","locations":[{"start":{"line":62,"column":12},"end":{"line":64,"column":13}},{"start":{"line":62,"column":12},"end":{"line":64,"column":13}}]},"14":{"loc":{"start":{"line":62,"column":16},"end":{"line":62,"column":38}},"type":"binary-expr","locations":[{"start":{"line":62,"column":16},"end":{"line":62,"column":38}},{"start":{"line":62,"column":42},"end":{"line":62,"column":61}}]},"15":{"loc":{"start":{"line":74,"column":4},"end":{"line":74,"column":53}},"type":"if","locations":[{"start":{"line":74,"column":4},"end":{"line":74,"column":53}},{"start":{"line":74,"column":4},"end":{"line":74,"column":53}}]},"16":{"loc":{"start":{"line":81,"column":28},"end":{"line":81,"column":41}},"type":"cond-expr","locations":[{"start":{"line":81,"column":28},"end":{"line":81,"column":41}},{"start":{"line":81,"column":44},"end":{"line":81,"column":48}}]},"17":{"loc":{"start":{"line":82,"column":34},"end":{"line":82,"column":50}},"type":"cond-expr","locations":[{"start":{"line":82,"column":34},"end":{"line":82,"column":50}},{"start":{"line":82,"column":53},"end":{"line":82,"column":57}}]}},"s":{"0":2,"1":2,"2":2,"3":2,"4":2,"5":4,"6":4,"7":2,"8":6,"9":6,"10":6,"11":4,"12":4,"13":4,"14":4,"15":0,"16":0,"17":0,"18":0,"19":0,"20":0,"21":0,"22":0,"23":0,"24":0,"25":0,"26":0,"27":0,"28":2,"29":1,"30":1,"31":1,"32":2,"33":4,"34":2,"35":2,"36":2},"f":{"0":2,"1":4,"2":6,"3":0,"4":1,"5":4},"b":{"0":[4,4],"1":[4,2],"2":[4,0],"3":[0,0],"4":[0,0],"5":[0,0],"6":[0,0],"7":[0,0],"8":[0,0],"9":[0,0],"10":[0,0],"11":[0,0],"12":[0,0],"13":[0,0],"14":[0,0],"15":[1,0],"16":[0,4],"17":[0,4]}},"/Users/alexlopez/Desktop/uikit-react/src/utils/set-class-names.ts":{"path":"/Users/alexlopez/Desktop/uikit-react/src/utils/set-class-names.ts","statementMap":{"0":{"start":{"line":1,"column":0},"end":{"line":1,"column":40}},"1":{"start":{"line":2,"column":19},"end":{"line":2,"column":30}},"2":{"start":{"line":5,"column":25},"end":{"line":5,"column":55}},"3":{"start":{"line":6,"column":22},"end":{"line":6,"column":49}},"4":{"start":{"line":7,"column":21},"end":{"line":7,"column":47}},"5":{"start":{"line":8,"column":21},"end":{"line":8,"column":47}},"6":{"start":{"line":9,"column":26},"end":{"line":9,"column":57}},"7":{"start":{"line":10,"column":24},"end":{"line":10,"column":53}},"8":{"start":{"line":12,"column":2},"end":{"line":19,"column":4}},"9":{"start":{"line":4,"column":0},"end":{"line":20,"column":1}}},"fnMap":{"0":{"name":"setClassNames","decl":{"start":{"line":4,"column":0},"end":{"line":4,"column":29}},"loc":{"start":{"line":4,"column":35},"end":{"line":20,"column":1}}}},"branchMap":{"0":{"loc":{"start":{"line":5,"column":43},"end":{"line":5,"column":47}},"type":"cond-expr","locations":[{"start":{"line":5,"column":43},"end":{"line":5,"column":47}},{"start":{"line":5,"column":50},"end":{"line":5,"column":55}}]},"1":{"loc":{"start":{"line":6,"column":37},"end":{"line":6,"column":41}},"type":"cond-expr","locations":[{"start":{"line":6,"column":37},"end":{"line":6,"column":41}},{"start":{"line":6,"column":44},"end":{"line":6,"column":49}}]},"2":{"loc":{"start":{"line":7,"column":35},"end":{"line":7,"column":39}},"type":"cond-expr","locations":[{"start":{"line":7,"column":35},"end":{"line":7,"column":39}},{"start":{"line":7,"column":42},"end":{"line":7,"column":47}}]},"3":{"loc":{"start":{"line":8,"column":35},"end":{"line":8,"column":39}},"type":"cond-expr","locations":[{"start":{"line":8,"column":35},"end":{"line":8,"column":39}},{"start":{"line":8,"column":42},"end":{"line":8,"column":47}}]},"4":{"loc":{"start":{"line":9,"column":45},"end":{"line":9,"column":49}},"type":"cond-expr","locations":[{"start":{"line":9,"column":45},"end":{"line":9,"column":49}},{"start":{"line":9,"column":52},"end":{"line":9,"column":57}}]},"5":{"loc":{"start":{"line":10,"column":41},"end":{"line":10,"column":45}},"type":"cond-expr","locations":[{"start":{"line":10,"column":41},"end":{"line":10,"column":45}},{"start":{"line":10,"column":48},"end":{"line":10,"column":53}}]}},"s":{"0":16,"1":16,"2":50,"3":50,"4":50,"5":50,"6":50,"7":50,"8":50,"9":16},"f":{"0":50},"b":{"0":[0,50],"1":[1,49],"2":[0,50],"3":[0,50],"4":[0,50],"5":[0,50]}},"/Users/alexlopez/Desktop/uikit-react/src/components/Accordion/AccordionItem.tsx":{"path":"/Users/alexlopez/Desktop/uikit-react/src/components/Accordion/AccordionItem.tsx","statementMap":{"0":{"start":{"line":1,"column":0},"end":{"line":1,"column":29}},"1":{"start":{"line":3,"column":13},"end":{"line":10,"column":1}},"2":{"start":{"line":3,"column":63},"end":{"line":3,"column":68}},"3":{"start":{"line":3,"column":70},"end":{"line":3,"column":78}},"4":{"start":{"line":3,"column":80},"end":{"line":3,"column":87}},"5":{"start":{"line":3,"column":94},"end":{"line":10,"column":1}},"6":{"start":{"line":12,"column":0},"end":{"line":12,"column":28}}},"fnMap":{"0":{"name":"(anonymous_2)","decl":{"start":{"line":3,"column":60},"end":{"line":3,"column":60}},"loc":{"start":{"line":3,"column":89},"end":{"line":10,"column":1}}}},"branchMap":{},"s":{"0":2,"1":2,"2":12,"3":12,"4":12,"5":12,"6":2},"f":{"0":12},"b":{}},"/Users/alexlopez/Desktop/uikit-react/src/components/Breadcrumb/Breadcrumb.tsx":{"path":"/Users/alexlopez/Desktop/uikit-react/src/components/Breadcrumb/Breadcrumb.tsx","statementMap":{"0":{"start":{"line":1,"column":0},"end":{"line":1,"column":29}},"1":{"start":{"line":2,"column":0},"end":{"line":2,"column":58}},"2":{"start":{"line":4,"column":0},"end":{"line":4,"column":47}},"3":{"start":{"line":4,"column":32},"end":{"line":4,"column":69}},"4":{"start":{"line":5,"column":2},"end":{"line":15,"column":3}},"5":{"start":{"line":6,"column":4},"end":{"line":14,"column":5}},"6":{"start":{"line":16,"column":0},"end":{"line":16,"column":1}},"7":{"start":{"line":4,"column":13},"end":{"line":4,"column":23}}},"fnMap":{"0":{"name":"(anonymous_5)","decl":{"start":{"line":4,"column":0},"end":{"line":null,"column":-1}},"loc":{"start":{"line":4,"column":0},"end":{"line":4,"column":-1}}},"1":{"name":"(anonymous_7)","decl":{"start":{"line":5,"column":2},"end":{"line":null,"column":-1}},"loc":{"start":{"line":5,"column":2},"end":{"line":15,"column":3}}}},"branchMap":{"0":{"loc":{"start":{"line":8,"column":28},"end":{"line":8,"column":41}},"type":"cond-expr","locations":[{"start":{"line":8,"column":28},"end":{"line":8,"column":41}},{"start":{"line":8,"column":44},"end":{"line":8,"column":48}}]},"1":{"loc":{"start":{"line":9,"column":34},"end":{"line":9,"column":50}},"type":"cond-expr","locations":[{"start":{"line":9,"column":34},"end":{"line":9,"column":50}},{"start":{"line":9,"column":53},"end":{"line":9,"column":57}}]}},"s":{"0":1,"1":1,"2":1,"3":1,"4":1,"5":1,"6":1,"7":1},"f":{"0":2,"1":1},"b":{"0":[0,1],"1":[0,1]}},"/Users/alexlopez/Desktop/uikit-react/src/components/Link/Link.tsx":{"path":"/Users/alexlopez/Desktop/uikit-react/src/components/Link/Link.tsx","statementMap":{"0":{"start":{"line":1,"column":0},"end":{"line":1,"column":29}},"1":{"start":{"line":2,"column":0},"end":{"line":2,"column":40}},"2":{"start":{"line":3,"column":19},"end":{"line":3,"column":30}},"3":{"start":{"line":4,"column":0},"end":{"line":4,"column":58}},"4":{"start":{"line":6,"column":0},"end":{"line":6,"column":41}},"5":{"start":{"line":6,"column":26},"end":{"line":6,"column":57}},"6":{"start":{"line":7,"column":2},"end":{"line":19,"column":3}},"7":{"start":{"line":8,"column":4},"end":{"line":18,"column":5}},"8":{"start":{"line":21,"column":10},"end":{"line":26,"column":3}},"9":{"start":{"line":22,"column":4},"end":{"line":25,"column":6}},"10":{"start":{"line":27,"column":0},"end":{"line":27,"column":1}},"11":{"start":{"line":6,"column":13},"end":{"line":6,"column":17}}},"fnMap":{"0":{"name":"(anonymous_5)","decl":{"start":{"line":6,"column":0},"end":{"line":null,"column":-1}},"loc":{"start":{"line":6,"column":0},"end":{"line":6,"column":-1}}},"1":{"name":"(anonymous_7)","decl":{"start":{"line":7,"column":2},"end":{"line":null,"column":-1}},"loc":{"start":{"line":7,"column":2},"end":{"line":19,"column":3}}},"2":{"name":"(anonymous_8)","decl":{"start":{"line":21,"column":2},"end":{"line":null,"column":-1}},"loc":{"start":{"line":21,"column":2},"end":{"line":26,"column":3}}}},"branchMap":{"0":{"loc":{"start":{"line":10,"column":28},"end":{"line":10,"column":41}},"type":"cond-expr","locations":[{"start":{"line":10,"column":28},"end":{"line":10,"column":41}},{"start":{"line":10,"column":44},"end":{"line":10,"column":48}}]},"1":{"loc":{"start":{"line":11,"column":34},"end":{"line":11,"column":50}},"type":"cond-expr","locations":[{"start":{"line":11,"column":34},"end":{"line":11,"column":50}},{"start":{"line":11,"column":53},"end":{"line":11,"column":57}}]},"2":{"loc":{"start":{"line":12,"column":51},"end":{"line":12,"column":75}},"type":"cond-expr","locations":[{"start":{"line":12,"column":51},"end":{"line":12,"column":75}},{"start":{"line":12,"column":78},"end":{"line":12,"column":82}}]}},"s":{"0":1,"1":1,"2":1,"3":1,"4":1,"5":1,"6":1,"7":3,"8":1,"9":3,"10":1,"11":1},"f":{"0":4,"1":3,"2":3},"b":{"0":[0,3],"1":[0,3],"2":[0,3]}},"/Users/alexlopez/Desktop/uikit-react/src/components/Alert/Alert.tsx":{"path":"/Users/alexlopez/Desktop/uikit-react/src/components/Alert/Alert.tsx","statementMap":{"0":{"start":{"line":1,"column":0},"end":{"line":1,"column":29}},"1":{"start":{"line":2,"column":0},"end":{"line":2,"column":40}},"2":{"start":{"line":3,"column":19},"end":{"line":3,"column":30}},"3":{"start":{"line":5,"column":0},"end":{"line":5,"column":58}},"4":{"start":{"line":6,"column":0},"end":{"line":6,"column":34}},"5":{"start":{"line":8,"column":0},"end":{"line":8,"column":42}},"6":{"start":{"line":8,"column":27},"end":{"line":8,"column":59}},"7":{"start":{"line":12,"column":4},"end":{"line":12,"column":16}},"8":{"start":{"line":13,"column":4},"end":{"line":16,"column":5}},"9":{"start":{"line":19,"column":2},"end":{"line":25,"column":3}},"10":{"start":{"line":19,"column":2},"end":{"line":25,"column":2}},"11":{"start":{"line":20,"column":4},"end":{"line":24,"column":5}},"12":{"start":{"line":21,"column":6},"end":{"line":23,"column":29}},"13":{"start":{"line":22,"column":8},"end":{"line":22,"column":26}},"14":{"start":{"line":27,"column":2},"end":{"line":30,"column":3}},"15":{"start":{"line":28,"column":4},"end":{"line":28,"column":58}},"16":{"start":{"line":28,"column":27},"end":{"line":28,"column":58}},"17":{"start":{"line":29,"column":4},"end":{"line":29,"column":64}},"18":{"start":{"line":29,"column":30},"end":{"line":29,"column":64}},"19":{"start":{"line":32,"column":2},"end":{"line":55,"column":3}},"20":{"start":{"line":33,"column":4},"end":{"line":33,"column":41}},"21":{"start":{"line":33,"column":29},"end":{"line":33,"column":41}},"22":{"start":{"line":35,"column":4},"end":{"line":54,"column":5}},"23":{"start":{"line":57,"column":10},"end":{"line":70,"column":3}},"24":{"start":{"line":57,"column":2},"end":{"line":70,"column":2}},"25":{"start":{"line":58,"column":4},"end":{"line":69,"column":5}},"26":{"start":{"line":63,"column":8},"end":{"line":63,"column":62}},"27":{"start":{"line":63,"column":37},"end":{"line":63,"column":62}},"28":{"start":{"line":64,"column":8},"end":{"line":67,"column":15}},"29":{"start":{"line":65,"column":10},"end":{"line":65,"column":43}},"30":{"start":{"line":66,"column":10},"end":{"line":66,"column":52}},"31":{"start":{"line":66,"column":33},"end":{"line":66,"column":52}},"32":{"start":{"line":72,"column":10},"end":{"line":77,"column":3}},"33":{"start":{"line":73,"column":4},"end":{"line":76,"column":6}},"34":{"start":{"line":78,"column":0},"end":{"line":78,"column":1}},"35":{"start":{"line":8,"column":13},"end":{"line":8,"column":18}}},"fnMap":{"0":{"name":"(anonymous_6)","decl":{"start":{"line":8,"column":0},"end":{"line":null,"column":-1}},"loc":{"start":{"line":8,"column":0},"end":{"line":8,"column":-1}}},"1":{"name":"Alert","decl":{"start":{"line":11,"column":2},"end":{"line":11,"column":13}},"loc":{"start":{"line":11,"column":19},"end":{"line":17,"column":3}}},"2":{"name":"(anonymous_8)","decl":{"start":{"line":19,"column":2},"end":{"line":null,"column":-1}},"loc":{"start":{"line":19,"column":2},"end":{"line":25,"column":3}}},"3":{"name":"(anonymous_9)","decl":{"start":{"line":21,"column":40},"end":{"line":null,"column":-1}},"loc":{"start":{"line":21,"column":40},"end":{"line":23,"column":7}}},"4":{"name":"(anonymous_10)","decl":{"start":{"line":27,"column":2},"end":{"line":null,"column":-1}},"loc":{"start":{"line":27,"column":2},"end":{"line":30,"column":3}}},"5":{"name":"(anonymous_11)","decl":{"start":{"line":32,"column":2},"end":{"line":null,"column":-1}},"loc":{"start":{"line":32,"column":2},"end":{"line":55,"column":3}}},"6":{"name":"(anonymous_12)","decl":{"start":{"line":57,"column":2},"end":{"line":null,"column":-1}},"loc":{"start":{"line":57,"column":2},"end":{"line":70,"column":3}}},"7":{"name":"(anonymous_13)","decl":{"start":{"line":62,"column":6},"end":{"line":null,"column":-1}},"loc":{"start":{"line":62,"column":6},"end":{"line":68,"column":7}}},"8":{"name":"(anonymous_14)","decl":{"start":{"line":64,"column":39},"end":{"line":null,"column":-1}},"loc":{"start":{"line":64,"column":39},"end":{"line":67,"column":9}}},"9":{"name":"(anonymous_15)","decl":{"start":{"line":72,"column":2},"end":{"line":null,"column":-1}},"loc":{"start":{"line":72,"column":2},"end":{"line":77,"column":3}}}},"branchMap":{"0":{"loc":{"start":{"line":12,"column":4},"end":{"line":12,"column":16}},"type":"binary-expr","locations":[{"start":{"line":12,"column":4},"end":{"line":12,"column":16}},{"start":{"line":12,"column":16},"end":{"line":17,"column":2}}]},"1":{"loc":{"start":{"line":20,"column":4},"end":{"line":24,"column":5}},"type":"if","locations":[{"start":{"line":20,"column":4},"end":{"line":24,"column":5}},{"start":{"line":20,"column":4},"end":{"line":24,"column":5}}]},"2":{"loc":{"start":{"line":28,"column":4},"end":{"line":28,"column":58}},"type":"if","locations":[{"start":{"line":28,"column":4},"end":{"line":28,"column":58}},{"start":{"line":28,"column":4},"end":{"line":28,"column":58}}]},"3":{"loc":{"start":{"line":29,"column":4},"end":{"line":29,"column":64}},"type":"if","locations":[{"start":{"line":29,"column":4},"end":{"line":29,"column":64}},{"start":{"line":29,"column":4},"end":{"line":29,"column":64}}]},"4":{"loc":{"start":{"line":33,"column":4},"end":{"line":33,"column":41}},"type":"if","locations":[{"start":{"line":33,"column":4},"end":{"line":33,"column":41}},{"start":{"line":33,"column":4},"end":{"line":33,"column":41}}]},"5":{"loc":{"start":{"line":37,"column":28},"end":{"line":37,"column":41}},"type":"cond-expr","locations":[{"start":{"line":37,"column":28},"end":{"line":37,"column":41}},{"start":{"line":37,"column":44},"end":{"line":37,"column":48}}]},"6":{"loc":{"start":{"line":42,"column":39},"end":{"line":42,"column":40}},"type":"cond-expr","locations":[{"start":{"line":42,"column":39},"end":{"line":42,"column":40}},{"start":{"line":42,"column":43},"end":{"line":42,"column":49}}]},"7":{"loc":{"start":{"line":43,"column":40},"end":{"line":43,"column":41}},"type":"cond-expr","locations":[{"start":{"line":43,"column":40},"end":{"line":43,"column":41}},{"start":{"line":43,"column":44},"end":{"line":43,"column":45}}]},"8":{"loc":{"start":{"line":48,"column":10},"end":{"line":50,"column":14}},"type":"cond-expr","locations":[{"start":{"line":48,"column":10},"end":{"line":50,"column":14}},{"start":{"line":51,"column":12},"end":{"line":51,"column":16}}]},"9":{"loc":{"start":{"line":63,"column":8},"end":{"line":63,"column":62}},"type":"if","locations":[{"start":{"line":63,"column":8},"end":{"line":63,"column":62}},{"start":{"line":63,"column":8},"end":{"line":63,"column":62}}]},"10":{"loc":{"start":{"line":66,"column":10},"end":{"line":66,"column":52}},"type":"if","locations":[{"start":{"line":66,"column":10},"end":{"line":66,"column":52}},{"start":{"line":66,"column":10},"end":{"line":66,"column":52}}]}},"s":{"0":1,"1":1,"2":1,"3":1,"4":1,"5":1,"6":1,"7":2,"8":2,"9":1,"10":2,"11":2,"12":0,"13":0,"14":1,"15":0,"16":0,"17":0,"18":0,"19":1,"20":2,"21":0,"22":2,"23":1,"24":0,"25":0,"26":0,"27":0,"28":0,"29":0,"30":0,"31":0,"32":1,"33":2,"34":1,"35":1},"f":{"0":1,"1":2,"2":2,"3":0,"4":0,"5":2,"6":0,"7":0,"8":0,"9":2},"b":{"0":[2,2],"1":[0,2],"2":[0,0],"3":[0,0],"4":[0,2],"5":[0,2],"6":[0,2],"7":[0,2],"8":[1,1],"9":[0,0],"10":[0,0]}},"/Users/alexlopez/Desktop/uikit-react/src/components/Icon/Icon.tsx":{"path":"/Users/alexlopez/Desktop/uikit-react/src/components/Icon/Icon.tsx","statementMap":{"0":{"start":{"line":1,"column":0},"end":{"line":1,"column":29}},"1":{"start":{"line":2,"column":0},"end":{"line":2,"column":40}},"2":{"start":{"line":4,"column":19},"end":{"line":4,"column":30}},"3":{"start":{"line":5,"column":0},"end":{"line":5,"column":58}},"4":{"start":{"line":7,"column":0},"end":{"line":7,"column":41}},"5":{"start":{"line":7,"column":26},"end":{"line":7,"column":57}},"6":{"start":{"line":8,"column":2},"end":{"line":10,"column":3}},"7":{"start":{"line":9,"column":4},"end":{"line":9,"column":32}},"8":{"start":{"line":12,"column":10},"end":{"line":46,"column":3}},"9":{"start":{"line":13,"column":4},"end":{"line":23,"column":5}},"10":{"start":{"line":14,"column":6},"end":{"line":22,"column":7}},"11":{"start":{"line":24,"column":4},"end":{"line":36,"column":5}},"12":{"start":{"line":25,"column":6},"end":{"line":35,"column":7}},"13":{"start":{"line":38,"column":4},"end":{"line":45,"column":5}},"14":{"start":{"line":48,"column":10},"end":{"line":56,"column":3}},"15":{"start":{"line":49,"column":4},"end":{"line":55,"column":6}},"16":{"start":{"line":57,"column":0},"end":{"line":57,"column":1}},"17":{"start":{"line":7,"column":13},"end":{"line":7,"column":17}}},"fnMap":{"0":{"name":"(anonymous_6)","decl":{"start":{"line":7,"column":0},"end":{"line":null,"column":-1}},"loc":{"start":{"line":7,"column":0},"end":{"line":7,"column":-1}}},"1":{"name":"(anonymous_8)","decl":{"start":{"line":8,"column":2},"end":{"line":null,"column":-1}},"loc":{"start":{"line":8,"column":2},"end":{"line":10,"column":3}}},"2":{"name":"(anonymous_9)","decl":{"start":{"line":12,"column":2},"end":{"line":null,"column":-1}},"loc":{"start":{"line":12,"column":2},"end":{"line":46,"column":3}}},"3":{"name":"(anonymous_10)","decl":{"start":{"line":48,"column":2},"end":{"line":null,"column":-1}},"loc":{"start":{"line":48,"column":2},"end":{"line":56,"column":3}}}},"branchMap":{"0":{"loc":{"start":{"line":13,"column":4},"end":{"line":23,"column":5}},"type":"if","locations":[{"start":{"line":13,"column":4},"end":{"line":23,"column":5}},{"start":{"line":13,"column":4},"end":{"line":23,"column":5}}]},"1":{"loc":{"start":{"line":16,"column":30},"end":{"line":16,"column":43}},"type":"cond-expr","locations":[{"start":{"line":16,"column":30},"end":{"line":16,"column":43}},{"start":{"line":16,"column":46},"end":{"line":16,"column":50}}]},"2":{"loc":{"start":{"line":17,"column":36},"end":{"line":17,"column":52}},"type":"cond-expr","locations":[{"start":{"line":17,"column":36},"end":{"line":17,"column":52}},{"start":{"line":17,"column":55},"end":{"line":17,"column":59}}]},"3":{"loc":{"start":{"line":24,"column":4},"end":{"line":36,"column":5}},"type":"if","locations":[{"start":{"line":24,"column":4},"end":{"line":36,"column":5}},{"start":{"line":24,"column":4},"end":{"line":36,"column":5}}]},"4":{"loc":{"start":{"line":27,"column":30},"end":{"line":27,"column":43}},"type":"cond-expr","locations":[{"start":{"line":27,"column":30},"end":{"line":27,"column":43}},{"start":{"line":27,"column":46},"end":{"line":27,"column":50}}]},"5":{"loc":{"start":{"line":40,"column":28},"end":{"line":40,"column":41}},"type":"cond-expr","locations":[{"start":{"line":40,"column":28},"end":{"line":40,"column":41}},{"start":{"line":40,"column":44},"end":{"line":40,"column":48}}]},"6":{"loc":{"start":{"line":41,"column":34},"end":{"line":41,"column":50}},"type":"cond-expr","locations":[{"start":{"line":41,"column":34},"end":{"line":41,"column":50}},{"start":{"line":41,"column":53},"end":{"line":41,"column":57}}]}},"s":{"0":2,"1":2,"2":2,"3":2,"4":2,"5":2,"6":2,"7":4,"8":2,"9":4,"10":1,"11":3,"12":1,"13":2,"14":2,"15":4,"16":2,"17":2},"f":{"0":6,"1":4,"2":4,"3":4},"b":{"0":[1,3],"1":[0,1],"2":[0,1],"3":[1,2],"4":[0,1],"5":[0,2],"6":[0,2]}},"/Users/alexlopez/Desktop/uikit-react/src/components/Card/index.ts":{"path":"/Users/alexlopez/Desktop/uikit-react/src/components/Card/index.ts","statementMap":{"0":{"start":{"line":1,"column":0},"end":{"line":1,"column":28}},"1":{"start":{"line":1,"column":9},"end":{"line":1,"column":13}},"2":{"start":{"line":2,"column":0},"end":{"line":2,"column":36}},"3":{"start":{"line":2,"column":9},"end":{"line":2,"column":17}},"4":{"start":{"line":3,"column":0},"end":{"line":3,"column":40}},"5":{"start":{"line":3,"column":9},"end":{"line":3,"column":19}},"6":{"start":{"line":4,"column":0},"end":{"line":4,"column":40}},"7":{"start":{"line":4,"column":9},"end":{"line":4,"column":19}},"8":{"start":{"line":5,"column":0},"end":{"line":5,"column":38}},"9":{"start":{"line":5,"column":9},"end":{"line":5,"column":18}}},"fnMap":{},"branchMap":{},"s":{"0":1,"1":1,"2":1,"3":1,"4":1,"5":1,"6":1,"7":1,"8":1,"9":1},"f":{},"b":{}},"/Users/alexlopez/Desktop/uikit-react/src/components/Card/Card.tsx":{"path":"/Users/alexlopez/Desktop/uikit-react/src/components/Card/Card.tsx","statementMap":{"0":{"start":{"line":1,"column":0},"end":{"line":1,"column":29}},"1":{"start":{"line":2,"column":0},"end":{"line":2,"column":40}},"2":{"start":{"line":3,"column":19},"end":{"line":3,"column":30}},"3":{"start":{"line":4,"column":0},"end":{"line":4,"column":58}},"4":{"start":{"line":6,"column":0},"end":{"line":6,"column":41}},"5":{"start":{"line":6,"column":26},"end":{"line":6,"column":57}},"6":{"start":{"line":7,"column":2},"end":{"line":17,"column":3}},"7":{"start":{"line":8,"column":4},"end":{"line":16,"column":5}},"8":{"start":{"line":19,"column":10},"end":{"line":27,"column":3}},"9":{"start":{"line":20,"column":4},"end":{"line":26,"column":6}},"10":{"start":{"line":28,"column":0},"end":{"line":28,"column":1}},"11":{"start":{"line":6,"column":13},"end":{"line":6,"column":17}}},"fnMap":{"0":{"name":"(anonymous_5)","decl":{"start":{"line":6,"column":0},"end":{"line":null,"column":-1}},"loc":{"start":{"line":6,"column":0},"end":{"line":6,"column":-1}}},"1":{"name":"(anonymous_7)","decl":{"start":{"line":7,"column":2},"end":{"line":null,"column":-1}},"loc":{"start":{"line":7,"column":2},"end":{"line":17,"column":3}}},"2":{"name":"(anonymous_8)","decl":{"start":{"line":19,"column":2},"end":{"line":null,"column":-1}},"loc":{"start":{"line":19,"column":2},"end":{"line":27,"column":3}}}},"branchMap":{"0":{"loc":{"start":{"line":10,"column":28},"end":{"line":10,"column":41}},"type":"cond-expr","locations":[{"start":{"line":10,"column":28},"end":{"line":10,"column":41}},{"start":{"line":10,"column":44},"end":{"line":10,"column":48}}]},"1":{"loc":{"start":{"line":11,"column":34},"end":{"line":11,"column":50}},"type":"cond-expr","locations":[{"start":{"line":11,"column":34},"end":{"line":11,"column":50}},{"start":{"line":11,"column":53},"end":{"line":11,"column":57}}]}},"s":{"0":1,"1":1,"2":1,"3":1,"4":1,"5":1,"6":1,"7":3,"8":1,"9":3,"10":1,"11":1},"f":{"0":4,"1":3,"2":3},"b":{"0":[0,3],"1":[0,3]}},"/Users/alexlopez/Desktop/uikit-react/src/components/Card/CardBody.tsx":{"path":"/Users/alexlopez/Desktop/uikit-react/src/components/Card/CardBody.tsx","statementMap":{"0":{"start":{"line":1,"column":0},"end":{"line":1,"column":29}},"1":{"start":{"line":2,"column":0},"end":{"line":2,"column":58}},"2":{"start":{"line":4,"column":0},"end":{"line":4,"column":45}},"3":{"start":{"line":4,"column":30},"end":{"line":4,"column":61}},"4":{"start":{"line":5,"column":2},"end":{"line":15,"column":3}},"5":{"start":{"line":6,"column":4},"end":{"line":14,"column":5}},"6":{"start":{"line":16,"column":0},"end":{"line":16,"column":1}},"7":{"start":{"line":4,"column":13},"end":{"line":4,"column":21}}},"fnMap":{"0":{"name":"(anonymous_5)","decl":{"start":{"line":4,"column":0},"end":{"line":null,"column":-1}},"loc":{"start":{"line":4,"column":0},"end":{"line":4,"column":-1}}},"1":{"name":"(anonymous_7)","decl":{"start":{"line":5,"column":2},"end":{"line":null,"column":-1}},"loc":{"start":{"line":5,"column":2},"end":{"line":15,"column":3}}}},"branchMap":{"0":{"loc":{"start":{"line":8,"column":28},"end":{"line":8,"column":41}},"type":"cond-expr","locations":[{"start":{"line":8,"column":28},"end":{"line":8,"column":41}},{"start":{"line":8,"column":44},"end":{"line":8,"column":48}}]},"1":{"loc":{"start":{"line":9,"column":34},"end":{"line":9,"column":50}},"type":"cond-expr","locations":[{"start":{"line":9,"column":34},"end":{"line":9,"column":50}},{"start":{"line":9,"column":53},"end":{"line":9,"column":57}}]}},"s":{"0":1,"1":1,"2":1,"3":1,"4":1,"5":3,"6":1,"7":1},"f":{"0":4,"1":3},"b":{"0":[0,3],"1":[0,3]}},"/Users/alexlopez/Desktop/uikit-react/src/components/Card/CardFooter.tsx":{"path":"/Users/alexlopez/Desktop/uikit-react/src/components/Card/CardFooter.tsx","statementMap":{"0":{"start":{"line":1,"column":0},"end":{"line":1,"column":29}},"1":{"start":{"line":2,"column":0},"end":{"line":2,"column":58}},"2":{"start":{"line":4,"column":0},"end":{"line":4,"column":47}},"3":{"start":{"line":4,"column":32},"end":{"line":4,"column":63}},"4":{"start":{"line":5,"column":2},"end":{"line":15,"column":3}},"5":{"start":{"line":6,"column":4},"end":{"line":14,"column":5}},"6":{"start":{"line":16,"column":0},"end":{"line":16,"column":1}},"7":{"start":{"line":4,"column":13},"end":{"line":4,"column":23}}},"fnMap":{"0":{"name":"(anonymous_5)","decl":{"start":{"line":4,"column":0},"end":{"line":null,"column":-1}},"loc":{"start":{"line":4,"column":0},"end":{"line":4,"column":-1}}},"1":{"name":"(anonymous_7)","decl":{"start":{"line":5,"column":2},"end":{"line":null,"column":-1}},"loc":{"start":{"line":5,"column":2},"end":{"line":15,"column":3}}}},"branchMap":{"0":{"loc":{"start":{"line":8,"column":28},"end":{"line":8,"column":41}},"type":"cond-expr","locations":[{"start":{"line":8,"column":28},"end":{"line":8,"column":41}},{"start":{"line":8,"column":44},"end":{"line":8,"column":48}}]},"1":{"loc":{"start":{"line":9,"column":34},"end":{"line":9,"column":50}},"type":"cond-expr","locations":[{"start":{"line":9,"column":34},"end":{"line":9,"column":50}},{"start":{"line":9,"column":53},"end":{"line":9,"column":57}}]}},"s":{"0":1,"1":1,"2":1,"3":1,"4":1,"5":3,"6":1,"7":1},"f":{"0":4,"1":3},"b":{"0":[0,3],"1":[0,3]}},"/Users/alexlopez/Desktop/uikit-react/src/components/Card/CardHeader.tsx":{"path":"/Users/alexlopez/Desktop/uikit-react/src/components/Card/CardHeader.tsx","statementMap":{"0":{"start":{"line":1,"column":0},"end":{"line":1,"column":29}},"1":{"start":{"line":2,"column":0},"end":{"line":2,"column":58}},"2":{"start":{"line":4,"column":0},"end":{"line":4,"column":47}},"3":{"start":{"line":4,"column":32},"end":{"line":4,"column":63}},"4":{"start":{"line":5,"column":2},"end":{"line":15,"column":3}},"5":{"start":{"line":6,"column":4},"end":{"line":14,"column":5}},"6":{"start":{"line":16,"column":0},"end":{"line":16,"column":1}},"7":{"start":{"line":4,"column":13},"end":{"line":4,"column":23}}},"fnMap":{"0":{"name":"(anonymous_5)","decl":{"start":{"line":4,"column":0},"end":{"line":null,"column":-1}},"loc":{"start":{"line":4,"column":0},"end":{"line":4,"column":-1}}},"1":{"name":"(anonymous_7)","decl":{"start":{"line":5,"column":2},"end":{"line":null,"column":-1}},"loc":{"start":{"line":5,"column":2},"end":{"line":15,"column":3}}}},"branchMap":{"0":{"loc":{"start":{"line":8,"column":28},"end":{"line":8,"column":41}},"type":"cond-expr","locations":[{"start":{"line":8,"column":28},"end":{"line":8,"column":41}},{"start":{"line":8,"column":44},"end":{"line":8,"column":48}}]},"1":{"loc":{"start":{"line":9,"column":34},"end":{"line":9,"column":50}},"type":"cond-expr","locations":[{"start":{"line":9,"column":34},"end":{"line":9,"column":50}},{"start":{"line":9,"column":53},"end":{"line":9,"column":57}}]}},"s":{"0":1,"1":1,"2":1,"3":1,"4":1,"5":3,"6":1,"7":1},"f":{"0":4,"1":3},"b":{"0":[0,3],"1":[0,3]}},"/Users/alexlopez/Desktop/uikit-react/src/components/Card/CardTitle.tsx":{"path":"/Users/alexlopez/Desktop/uikit-react/src/components/Card/CardTitle.tsx","statementMap":{"0":{"start":{"line":1,"column":0},"end":{"line":1,"column":29}},"1":{"start":{"line":2,"column":0},"end":{"line":2,"column":58}},"2":{"start":{"line":4,"column":0},"end":{"line":4,"column":46}},"3":{"start":{"line":4,"column":31},"end":{"line":4,"column":62}},"4":{"start":{"line":5,"column":2},"end":{"line":15,"column":3}},"5":{"start":{"line":6,"column":4},"end":{"line":14,"column":5}},"6":{"start":{"line":16,"column":0},"end":{"line":16,"column":1}},"7":{"start":{"line":4,"column":13},"end":{"line":4,"column":22}}},"fnMap":{"0":{"name":"(anonymous_5)","decl":{"start":{"line":4,"column":0},"end":{"line":null,"column":-1}},"loc":{"start":{"line":4,"column":0},"end":{"line":4,"column":-1}}},"1":{"name":"(anonymous_7)","decl":{"start":{"line":5,"column":2},"end":{"line":null,"column":-1}},"loc":{"start":{"line":5,"column":2},"end":{"line":15,"column":3}}}},"branchMap":{"0":{"loc":{"start":{"line":8,"column":28},"end":{"line":8,"column":41}},"type":"cond-expr","locations":[{"start":{"line":8,"column":28},"end":{"line":8,"column":41}},{"start":{"line":8,"column":44},"end":{"line":8,"column":48}}]},"1":{"loc":{"start":{"line":9,"column":34},"end":{"line":9,"column":50}},"type":"cond-expr","locations":[{"start":{"line":9,"column":34},"end":{"line":9,"column":50}},{"start":{"line":9,"column":53},"end":{"line":9,"column":57}}]}},"s":{"0":1,"1":1,"2":1,"3":1,"4":1,"5":3,"6":1,"7":1},"f":{"0":4,"1":3},"b":{"0":[0,3],"1":[0,3]}},"/Users/alexlopez/Desktop/uikit-react/src/components/Article/Article.tsx":{"path":"/Users/alexlopez/Desktop/uikit-react/src/components/Article/Article.tsx","statementMap":{"0":{"start":{"line":1,"column":0},"end":{"line":1,"column":29}},"1":{"start":{"line":2,"column":0},"end":{"line":2,"column":58}},"2":{"start":{"line":4,"column":0},"end":{"line":4,"column":44}},"3":{"start":{"line":4,"column":29},"end":{"line":4,"column":63}},"4":{"start":{"line":5,"column":2},"end":{"line":21,"column":3}},"5":{"start":{"line":6,"column":4},"end":{"line":20,"column":5}},"6":{"start":{"line":22,"column":0},"end":{"line":22,"column":1}},"7":{"start":{"line":4,"column":13},"end":{"line":4,"column":20}}},"fnMap":{"0":{"name":"(anonymous_5)","decl":{"start":{"line":4,"column":0},"end":{"line":null,"column":-1}},"loc":{"start":{"line":4,"column":0},"end":{"line":4,"column":-1}}},"1":{"name":"(anonymous_7)","decl":{"start":{"line":5,"column":2},"end":{"line":null,"column":-1}},"loc":{"start":{"line":5,"column":2},"end":{"line":21,"column":3}}}},"branchMap":{"0":{"loc":{"start":{"line":8,"column":28},"end":{"line":8,"column":41}},"type":"cond-expr","locations":[{"start":{"line":8,"column":28},"end":{"line":8,"column":41}},{"start":{"line":8,"column":44},"end":{"line":8,"column":48}}]},"1":{"loc":{"start":{"line":9,"column":34},"end":{"line":9,"column":50}},"type":"cond-expr","locations":[{"start":{"line":9,"column":34},"end":{"line":9,"column":50}},{"start":{"line":9,"column":53},"end":{"line":9,"column":57}}]},"2":{"loc":{"start":{"line":16,"column":27},"end":{"line":16,"column":79}},"type":"cond-expr","locations":[{"start":{"line":16,"column":27},"end":{"line":16,"column":79}},{"start":{"line":16,"column":82},"end":{"line":16,"column":84}}]},"3":{"loc":{"start":{"line":17,"column":27},"end":{"line":17,"column":76}},"type":"cond-expr","locations":[{"start":{"line":17,"column":27},"end":{"line":17,"column":76}},{"start":{"line":17,"column":79},"end":{"line":17,"column":81}}]}},"s":{"0":1,"1":1,"2":1,"3":1,"4":1,"5":2,"6":1,"7":1},"f":{"0":3,"1":2},"b":{"0":[0,2],"1":[0,2],"2":[1,1],"3":[1,1]}},"/Users/alexlopez/Desktop/uikit-react/src/components/Dark/Dark.tsx":{"path":"/Users/alexlopez/Desktop/uikit-react/src/components/Dark/Dark.tsx","statementMap":{"0":{"start":{"line":1,"column":0},"end":{"line":1,"column":29}},"1":{"start":{"line":2,"column":0},"end":{"line":2,"column":58}},"2":{"start":{"line":4,"column":0},"end":{"line":4,"column":41}},"3":{"start":{"line":4,"column":26},"end":{"line":4,"column":66}},"4":{"start":{"line":5,"column":2},"end":{"line":15,"column":3}},"5":{"start":{"line":6,"column":4},"end":{"line":14,"column":5}},"6":{"start":{"line":16,"column":0},"end":{"line":16,"column":1}},"7":{"start":{"line":4,"column":13},"end":{"line":4,"column":17}}},"fnMap":{"0":{"name":"(anonymous_5)","decl":{"start":{"line":4,"column":0},"end":{"line":null,"column":-1}},"loc":{"start":{"line":4,"column":0},"end":{"line":4,"column":-1}}},"1":{"name":"(anonymous_7)","decl":{"start":{"line":5,"column":2},"end":{"line":null,"column":-1}},"loc":{"start":{"line":5,"column":2},"end":{"line":15,"column":3}}}},"branchMap":{"0":{"loc":{"start":{"line":8,"column":28},"end":{"line":8,"column":41}},"type":"cond-expr","locations":[{"start":{"line":8,"column":28},"end":{"line":8,"column":41}},{"start":{"line":8,"column":44},"end":{"line":8,"column":48}}]},"1":{"loc":{"start":{"line":9,"column":34},"end":{"line":9,"column":50}},"type":"cond-expr","locations":[{"start":{"line":9,"column":34},"end":{"line":9,"column":50}},{"start":{"line":9,"column":53},"end":{"line":9,"column":57}}]}},"s":{"0":1,"1":1,"2":1,"3":1,"4":1,"5":1,"6":1,"7":1},"f":{"0":2,"1":1},"b":{"0":[0,1],"1":[0,1]}},"/Users/alexlopez/Desktop/uikit-react/src/components/Light/Light.tsx":{"path":"/Users/alexlopez/Desktop/uikit-react/src/components/Light/Light.tsx","statementMap":{"0":{"start":{"line":1,"column":0},"end":{"line":1,"column":29}},"1":{"start":{"line":2,"column":0},"end":{"line":2,"column":58}},"2":{"start":{"line":4,"column":0},"end":{"line":4,"column":42}},"3":{"start":{"line":4,"column":27},"end":{"line":4,"column":67}},"4":{"start":{"line":5,"column":2},"end":{"line":15,"column":3}},"5":{"start":{"line":6,"column":4},"end":{"line":14,"column":5}},"6":{"start":{"line":16,"column":0},"end":{"line":16,"column":1}},"7":{"start":{"line":4,"column":13},"end":{"line":4,"column":18}}},"fnMap":{"0":{"name":"(anonymous_5)","decl":{"start":{"line":4,"column":0},"end":{"line":null,"column":-1}},"loc":{"start":{"line":4,"column":0},"end":{"line":4,"column":-1}}},"1":{"name":"(anonymous_7)","decl":{"start":{"line":5,"column":2},"end":{"line":null,"column":-1}},"loc":{"start":{"line":5,"column":2},"end":{"line":15,"column":3}}}},"branchMap":{"0":{"loc":{"start":{"line":8,"column":28},"end":{"line":8,"column":41}},"type":"cond-expr","locations":[{"start":{"line":8,"column":28},"end":{"line":8,"column":41}},{"start":{"line":8,"column":44},"end":{"line":8,"column":48}}]},"1":{"loc":{"start":{"line":9,"column":34},"end":{"line":9,"column":50}},"type":"cond-expr","locations":[{"start":{"line":9,"column":34},"end":{"line":9,"column":50}},{"start":{"line":9,"column":53},"end":{"line":9,"column":57}}]}},"s":{"0":1,"1":1,"2":1,"3":1,"4":1,"5":1,"6":1,"7":1},"f":{"0":2,"1":1},"b":{"0":[0,1],"1":[0,1]}},"/Users/alexlopez/Desktop/uikit-react/src/components/Container/Container.tsx":{"path":"/Users/alexlopez/Desktop/uikit-react/src/components/Container/Container.tsx","statementMap":{"0":{"start":{"line":1,"column":0},"end":{"line":1,"column":29}},"1":{"start":{"line":2,"column":0},"end":{"line":2,"column":40}},"2":{"start":{"line":3,"column":19},"end":{"line":3,"column":30}},"3":{"start":{"line":5,"column":0},"end":{"line":5,"column":58}},"4":{"start":{"line":7,"column":0},"end":{"line":7,"column":46}},"5":{"start":{"line":7,"column":31},"end":{"line":7,"column":67}},"6":{"start":{"line":8,"column":2},"end":{"line":18,"column":3}},"7":{"start":{"line":9,"column":4},"end":{"line":17,"column":5}},"8":{"start":{"line":20,"column":10},"end":{"line":26,"column":3}},"9":{"start":{"line":21,"column":4},"end":{"line":25,"column":6}},"10":{"start":{"line":27,"column":0},"end":{"line":27,"column":1}},"11":{"start":{"line":7,"column":13},"end":{"line":7,"column":22}}},"fnMap":{"0":{"name":"(anonymous_5)","decl":{"start":{"line":7,"column":0},"end":{"line":null,"column":-1}},"loc":{"start":{"line":7,"column":0},"end":{"line":7,"column":-1}}},"1":{"name":"(anonymous_7)","decl":{"start":{"line":8,"column":2},"end":{"line":null,"column":-1}},"loc":{"start":{"line":8,"column":2},"end":{"line":18,"column":3}}},"2":{"name":"(anonymous_8)","decl":{"start":{"line":20,"column":2},"end":{"line":null,"column":-1}},"loc":{"start":{"line":20,"column":2},"end":{"line":26,"column":3}}}},"branchMap":{"0":{"loc":{"start":{"line":11,"column":28},"end":{"line":11,"column":41}},"type":"cond-expr","locations":[{"start":{"line":11,"column":28},"end":{"line":11,"column":41}},{"start":{"line":11,"column":44},"end":{"line":11,"column":48}}]},"1":{"loc":{"start":{"line":12,"column":34},"end":{"line":12,"column":50}},"type":"cond-expr","locations":[{"start":{"line":12,"column":34},"end":{"line":12,"column":50}},{"start":{"line":12,"column":53},"end":{"line":12,"column":57}}]}},"s":{"0":2,"1":2,"2":2,"3":2,"4":2,"5":2,"6":2,"7":4,"8":2,"9":4,"10":2,"11":2},"f":{"0":6,"1":4,"2":4},"b":{"0":[0,4],"1":[0,4]}},"/Users/alexlopez/Desktop/uikit-react/src/components/Dropdown/Dropdown.tsx":{"path":"/Users/alexlopez/Desktop/uikit-react/src/components/Dropdown/Dropdown.tsx","statementMap":{"0":{"start":{"line":1,"column":0},"end":{"line":1,"column":29}},"1":{"start":{"line":2,"column":0},"end":{"line":2,"column":58}},"2":{"start":{"line":4,"column":0},"end":{"line":4,"column":45}},"3":{"start":{"line":4,"column":30},"end":{"line":4,"column":65}},"4":{"start":{"line":5,"column":2},"end":{"line":17,"column":3}},"5":{"start":{"line":6,"column":4},"end":{"line":16,"column":5}},"6":{"start":{"line":18,"column":0},"end":{"line":18,"column":1}},"7":{"start":{"line":4,"column":13},"end":{"line":4,"column":21}}},"fnMap":{"0":{"name":"(anonymous_5)","decl":{"start":{"line":4,"column":0},"end":{"line":null,"column":-1}},"loc":{"start":{"line":4,"column":0},"end":{"line":4,"column":-1}}},"1":{"name":"(anonymous_7)","decl":{"start":{"line":5,"column":2},"end":{"line":null,"column":-1}},"loc":{"start":{"line":5,"column":2},"end":{"line":17,"column":3}}}},"branchMap":{"0":{"loc":{"start":{"line":8,"column":28},"end":{"line":8,"column":41}},"type":"cond-expr","locations":[{"start":{"line":8,"column":28},"end":{"line":8,"column":41}},{"start":{"line":8,"column":44},"end":{"line":8,"column":48}}]},"1":{"loc":{"start":{"line":10,"column":47},"end":{"line":10,"column":65}},"type":"cond-expr","locations":[{"start":{"line":10,"column":47},"end":{"line":10,"column":65}},{"start":{"line":10,"column":68},"end":{"line":10,"column":70}}]},"2":{"loc":{"start":{"line":12,"column":38},"end":{"line":12,"column":54}},"type":"cond-expr","locations":[{"start":{"line":12,"column":38},"end":{"line":12,"column":54}},{"start":{"line":12,"column":57},"end":{"line":12,"column":61}}]}},"s":{"0":1,"1":1,"2":1,"3":1,"4":1,"5":2,"6":1,"7":1},"f":{"0":3,"1":2},"b":{"0":[0,2],"1":[1,1],"2":[0,2]}},"/Users/alexlopez/Desktop/uikit-react/src/components/Cover/Cover.tsx":{"path":"/Users/alexlopez/Desktop/uikit-react/src/components/Cover/Cover.tsx","statementMap":{"0":{"start":{"line":1,"column":0},"end":{"line":1,"column":29}},"1":{"start":{"line":2,"column":0},"end":{"line":2,"column":58}},"2":{"start":{"line":4,"column":0},"end":{"line":4,"column":42}},"3":{"start":{"line":4,"column":27},"end":{"line":4,"column":59}},"4":{"start":{"line":5,"column":2},"end":{"line":16,"column":3}},"5":{"start":{"line":6,"column":4},"end":{"line":15,"column":5}},"6":{"start":{"line":18,"column":10},"end":{"line":22,"column":3}},"7":{"start":{"line":19,"column":4},"end":{"line":21,"column":5}},"8":{"start":{"line":20,"column":6},"end":{"line":20,"column":75}},"9":{"start":{"line":24,"column":10},"end":{"line":52,"column":3}},"10":{"start":{"line":25,"column":4},"end":{"line":35,"column":5}},"11":{"start":{"line":26,"column":6},"end":{"line":34,"column":7}},"12":{"start":{"line":36,"column":4},"end":{"line":50,"column":5}},"13":{"start":{"line":37,"column":6},"end":{"line":49,"column":7}},"14":{"start":{"line":51,"column":4},"end":{"line":51,"column":83}},"15":{"start":{"line":53,"column":0},"end":{"line":53,"column":1}},"16":{"start":{"line":4,"column":13},"end":{"line":4,"column":18}}},"fnMap":{"0":{"name":"(anonymous_5)","decl":{"start":{"line":4,"column":0},"end":{"line":null,"column":-1}},"loc":{"start":{"line":4,"column":0},"end":{"line":4,"column":-1}}},"1":{"name":"(anonymous_7)","decl":{"start":{"line":5,"column":2},"end":{"line":null,"column":-1}},"loc":{"start":{"line":5,"column":2},"end":{"line":16,"column":3}}},"2":{"name":"(anonymous_8)","decl":{"start":{"line":18,"column":2},"end":{"line":null,"column":-1}},"loc":{"start":{"line":18,"column":2},"end":{"line":22,"column":3}}},"3":{"name":"(anonymous_9)","decl":{"start":{"line":24,"column":2},"end":{"line":null,"column":-1}},"loc":{"start":{"line":24,"column":2},"end":{"line":52,"column":3}}}},"branchMap":{"0":{"loc":{"start":{"line":8,"column":28},"end":{"line":8,"column":41}},"type":"cond-expr","locations":[{"start":{"line":8,"column":28},"end":{"line":8,"column":41}},{"start":{"line":8,"column":44},"end":{"line":8,"column":48}}]},"1":{"loc":{"start":{"line":9,"column":34},"end":{"line":9,"column":50}},"type":"cond-expr","locations":[{"start":{"line":9,"column":34},"end":{"line":9,"column":50}},{"start":{"line":9,"column":53},"end":{"line":9,"column":57}}]},"2":{"loc":{"start":{"line":19,"column":4},"end":{"line":21,"column":5}},"type":"if","locations":[{"start":{"line":19,"column":4},"end":{"line":21,"column":5}},{"start":{"line":19,"column":4},"end":{"line":21,"column":5}}]},"3":{"loc":{"start":{"line":25,"column":4},"end":{"line":35,"column":5}},"type":"if","locations":[{"start":{"line":25,"column":4},"end":{"line":35,"column":5}},{"start":{"line":25,"column":4},"end":{"line":35,"column":5}}]},"4":{"loc":{"start":{"line":36,"column":4},"end":{"line":50,"column":5}},"type":"if","locations":[{"start":{"line":36,"column":4},"end":{"line":50,"column":5}},{"start":{"line":36,"column":4},"end":{"line":50,"column":5}}]}},"s":{"0":1,"1":1,"2":1,"3":1,"4":1,"5":2,"6":1,"7":2,"8":0,"9":1,"10":2,"11":1,"12":1,"13":1,"14":0,"15":1,"16":1},"f":{"0":3,"1":2,"2":2,"3":2},"b":{"0":[0,2],"1":[0,2],"2":[0,2],"3":[1,1],"4":[1,0]}},"/Users/alexlopez/Desktop/uikit-react/src/components/Image/Image.tsx":{"path":"/Users/alexlopez/Desktop/uikit-react/src/components/Image/Image.tsx","statementMap":{"0":{"start":{"line":1,"column":0},"end":{"line":1,"column":29}},"1":{"start":{"line":2,"column":0},"end":{"line":2,"column":40}},"2":{"start":{"line":3,"column":19},"end":{"line":3,"column":30}},"3":{"start":{"line":6,"column":0},"end":{"line":6,"column":42}},"4":{"start":{"line":6,"column":27},"end":{"line":6,"column":59}},"5":{"start":{"line":7,"column":2},"end":{"line":19,"column":3}},"6":{"start":{"line":8,"column":4},"end":{"line":18,"column":5}},"7":{"start":{"line":20,"column":0},"end":{"line":20,"column":1}},"8":{"start":{"line":6,"column":13},"end":{"line":6,"column":18}}},"fnMap":{"0":{"name":"(anonymous_5)","decl":{"start":{"line":6,"column":0},"end":{"line":null,"column":-1}},"loc":{"start":{"line":6,"column":0},"end":{"line":6,"column":-1}}},"1":{"name":"(anonymous_7)","decl":{"start":{"line":7,"column":2},"end":{"line":null,"column":-1}},"loc":{"start":{"line":7,"column":2},"end":{"line":19,"column":3}}}},"branchMap":{"0":{"loc":{"start":{"line":10,"column":28},"end":{"line":10,"column":41}},"type":"cond-expr","locations":[{"start":{"line":10,"column":28},"end":{"line":10,"column":41}},{"start":{"line":10,"column":44},"end":{"line":10,"column":48}}]},"1":{"loc":{"start":{"line":14,"column":34},"end":{"line":14,"column":50}},"type":"cond-expr","locations":[{"start":{"line":14,"column":34},"end":{"line":14,"column":50}},{"start":{"line":14,"column":53},"end":{"line":14,"column":57}}]},"2":{"loc":{"start":{"line":16,"column":42},"end":{"line":16,"column":60}},"type":"cond-expr","locations":[{"start":{"line":16,"column":42},"end":{"line":16,"column":60}},{"start":{"line":16,"column":63},"end":{"line":16,"column":65}}]}},"s":{"0":1,"1":1,"2":1,"3":1,"4":1,"5":1,"6":1,"7":1,"8":1},"f":{"0":2,"1":1},"b":{"0":[0,1],"1":[0,1],"2":[0,1]}},"/Users/alexlopez/Desktop/uikit-react/src/components/Badge/Badge.tsx":{"path":"/Users/alexlopez/Desktop/uikit-react/src/components/Badge/Badge.tsx","statementMap":{"0":{"start":{"line":1,"column":0},"end":{"line":1,"column":29}},"1":{"start":{"line":2,"column":0},"end":{"line":2,"column":58}},"2":{"start":{"line":4,"column":0},"end":{"line":4,"column":42}},"3":{"start":{"line":4,"column":27},"end":{"line":4,"column":59}},"4":{"start":{"line":5,"column":2},"end":{"line":15,"column":3}},"5":{"start":{"line":6,"column":4},"end":{"line":14,"column":5}},"6":{"start":{"line":16,"column":0},"end":{"line":16,"column":1}},"7":{"start":{"line":4,"column":13},"end":{"line":4,"column":18}}},"fnMap":{"0":{"name":"(anonymous_5)","decl":{"start":{"line":4,"column":0},"end":{"line":null,"column":-1}},"loc":{"start":{"line":4,"column":0},"end":{"line":4,"column":-1}}},"1":{"name":"(anonymous_7)","decl":{"start":{"line":5,"column":2},"end":{"line":null,"column":-1}},"loc":{"start":{"line":5,"column":2},"end":{"line":15,"column":3}}}},"branchMap":{"0":{"loc":{"start":{"line":8,"column":28},"end":{"line":8,"column":41}},"type":"cond-expr","locations":[{"start":{"line":8,"column":28},"end":{"line":8,"column":41}},{"start":{"line":8,"column":44},"end":{"line":8,"column":48}}]},"1":{"loc":{"start":{"line":9,"column":34},"end":{"line":9,"column":50}},"type":"cond-expr","locations":[{"start":{"line":9,"column":34},"end":{"line":9,"column":50}},{"start":{"line":9,"column":53},"end":{"line":9,"column":57}}]}},"s":{"0":1,"1":1,"2":1,"3":1,"4":1,"5":1,"6":1,"7":1},"f":{"0":2,"1":1},"b":{"0":[0,1],"1":[0,1]}},"/Users/alexlopez/Desktop/uikit-react/src/components/Button/Button.tsx":{"path":"/Users/alexlopez/Desktop/uikit-react/src/components/Button/Button.tsx","statementMap":{"0":{"start":{"line":1,"column":0},"end":{"line":1,"column":29}},"1":{"start":{"line":2,"column":0},"end":{"line":2,"column":40}},"2":{"start":{"line":3,"column":19},"end":{"line":3,"column":30}},"3":{"start":{"line":4,"column":0},"end":{"line":4,"column":58}},"4":{"start":{"line":6,"column":0},"end":{"line":6,"column":43}},"5":{"start":{"line":6,"column":28},"end":{"line":6,"column":61}},"6":{"start":{"line":7,"column":2},"end":{"line":30,"column":3}},"7":{"start":{"line":8,"column":4},"end":{"line":29,"column":5}},"8":{"start":{"line":32,"column":10},"end":{"line":34,"column":3}},"9":{"start":{"line":33,"column":4},"end":{"line":33,"column":28}},"10":{"start":{"line":36,"column":10},"end":{"line":43,"column":3}},"11":{"start":{"line":37,"column":4},"end":{"line":42,"column":6}},"12":{"start":{"line":44,"column":0},"end":{"line":44,"column":1}},"13":{"start":{"line":6,"column":13},"end":{"line":6,"column":19}}},"fnMap":{"0":{"name":"(anonymous_5)","decl":{"start":{"line":6,"column":0},"end":{"line":null,"column":-1}},"loc":{"start":{"line":6,"column":0},"end":{"line":6,"column":-1}}},"1":{"name":"(anonymous_7)","decl":{"start":{"line":7,"column":2},"end":{"line":null,"column":-1}},"loc":{"start":{"line":7,"column":2},"end":{"line":30,"column":3}}},"2":{"name":"(anonymous_8)","decl":{"start":{"line":32,"column":2},"end":{"line":null,"column":-1}},"loc":{"start":{"line":32,"column":2},"end":{"line":34,"column":3}}},"3":{"name":"(anonymous_9)","decl":{"start":{"line":36,"column":2},"end":{"line":null,"column":-1}},"loc":{"start":{"line":36,"column":2},"end":{"line":43,"column":3}}}},"branchMap":{"0":{"loc":{"start":{"line":9,"column":6},"end":{"line":18,"column":10}},"type":"cond-expr","locations":[{"start":{"line":9,"column":6},"end":{"line":18,"column":10}},{"start":{"line":20,"column":6},"end":{"line":28,"column":15}}]},"1":{"loc":{"start":{"line":10,"column":28},"end":{"line":10,"column":41}},"type":"cond-expr","locations":[{"start":{"line":10,"column":28},"end":{"line":10,"column":41}},{"start":{"line":10,"column":44},"end":{"line":10,"column":48}}]},"2":{"loc":{"start":{"line":11,"column":34},"end":{"line":11,"column":50}},"type":"cond-expr","locations":[{"start":{"line":11,"column":34},"end":{"line":11,"column":50}},{"start":{"line":11,"column":53},"end":{"line":11,"column":57}}]},"3":{"loc":{"start":{"line":21,"column":28},"end":{"line":21,"column":41}},"type":"cond-expr","locations":[{"start":{"line":21,"column":28},"end":{"line":21,"column":41}},{"start":{"line":21,"column":44},"end":{"line":21,"column":48}}]},"4":{"loc":{"start":{"line":22,"column":34},"end":{"line":22,"column":50}},"type":"cond-expr","locations":[{"start":{"line":22,"column":34},"end":{"line":22,"column":50}},{"start":{"line":22,"column":53},"end":{"line":22,"column":57}}]}},"s":{"0":1,"1":1,"2":1,"3":1,"4":1,"5":1,"6":1,"7":2,"8":1,"9":2,"10":1,"11":2,"12":1,"13":1},"f":{"0":3,"1":2,"2":2,"3":2},"b":{"0":[0,2],"1":[0,0],"2":[0,0],"3":[0,2],"4":[0,2]}},"/Users/alexlopez/Desktop/uikit-react/src/components/Flex/Flex.tsx":{"path":"/Users/alexlopez/Desktop/uikit-react/src/components/Flex/Flex.tsx","statementMap":{"0":{"start":{"line":1,"column":0},"end":{"line":1,"column":29}},"1":{"start":{"line":2,"column":0},"end":{"line":2,"column":40}},"2":{"start":{"line":3,"column":19},"end":{"line":3,"column":30}},"3":{"start":{"line":4,"column":0},"end":{"line":4,"column":58}},"4":{"start":{"line":6,"column":0},"end":{"line":6,"column":41}},"5":{"start":{"line":6,"column":26},"end":{"line":6,"column":57}},"6":{"start":{"line":7,"column":2},"end":{"line":17,"column":3}},"7":{"start":{"line":8,"column":4},"end":{"line":16,"column":5}},"8":{"start":{"line":19,"column":10},"end":{"line":29,"column":3}},"9":{"start":{"line":20,"column":23},"end":{"line":20,"column":82}},"10":{"start":{"line":22,"column":4},"end":{"line":28,"column":6}},"11":{"start":{"line":30,"column":0},"end":{"line":30,"column":1}},"12":{"start":{"line":6,"column":13},"end":{"line":6,"column":17}}},"fnMap":{"0":{"name":"(anonymous_5)","decl":{"start":{"line":6,"column":0},"end":{"line":null,"column":-1}},"loc":{"start":{"line":6,"column":0},"end":{"line":6,"column":-1}}},"1":{"name":"(anonymous_7)","decl":{"start":{"line":7,"column":2},"end":{"line":null,"column":-1}},"loc":{"start":{"line":7,"column":2},"end":{"line":17,"column":3}}},"2":{"name":"(anonymous_8)","decl":{"start":{"line":19,"column":2},"end":{"line":null,"column":-1}},"loc":{"start":{"line":19,"column":2},"end":{"line":29,"column":3}}}},"branchMap":{"0":{"loc":{"start":{"line":10,"column":28},"end":{"line":10,"column":41}},"type":"cond-expr","locations":[{"start":{"line":10,"column":28},"end":{"line":10,"column":41}},{"start":{"line":10,"column":44},"end":{"line":10,"column":48}}]},"1":{"loc":{"start":{"line":11,"column":34},"end":{"line":11,"column":50}},"type":"cond-expr","locations":[{"start":{"line":11,"column":34},"end":{"line":11,"column":50}},{"start":{"line":11,"column":53},"end":{"line":11,"column":57}}]},"2":{"loc":{"start":{"line":20,"column":46},"end":{"line":20,"column":77}},"type":"cond-expr","locations":[{"start":{"line":20,"column":46},"end":{"line":20,"column":77}},{"start":{"line":20,"column":80},"end":{"line":20,"column":82}}]}},"s":{"0":1,"1":1,"2":1,"3":1,"4":1,"5":1,"6":1,"7":2,"8":1,"9":2,"10":2,"11":1,"12":1},"f":{"0":3,"1":2,"2":2},"b":{"0":[0,2],"1":[0,2],"2":[1,1]}},"/Users/alexlopez/Desktop/uikit-react/src/components/Panel/Panel.tsx":{"path":"/Users/alexlopez/Desktop/uikit-react/src/components/Panel/Panel.tsx","statementMap":{"0":{"start":{"line":1,"column":0},"end":{"line":1,"column":29}},"1":{"start":{"line":2,"column":0},"end":{"line":2,"column":40}},"2":{"start":{"line":3,"column":19},"end":{"line":3,"column":30}},"3":{"start":{"line":4,"column":0},"end":{"line":4,"column":58}},"4":{"start":{"line":6,"column":0},"end":{"line":6,"column":42}},"5":{"start":{"line":6,"column":27},"end":{"line":6,"column":59}},"6":{"start":{"line":7,"column":2},"end":{"line":17,"column":3}},"7":{"start":{"line":8,"column":4},"end":{"line":16,"column":5}},"8":{"start":{"line":19,"column":10},"end":{"line":24,"column":3}},"9":{"start":{"line":20,"column":4},"end":{"line":23,"column":6}},"10":{"start":{"line":25,"column":0},"end":{"line":25,"column":1}},"11":{"start":{"line":6,"column":13},"end":{"line":6,"column":18}}},"fnMap":{"0":{"name":"(anonymous_5)","decl":{"start":{"line":6,"column":0},"end":{"line":null,"column":-1}},"loc":{"start":{"line":6,"column":0},"end":{"line":6,"column":-1}}},"1":{"name":"(anonymous_7)","decl":{"start":{"line":7,"column":2},"end":{"line":null,"column":-1}},"loc":{"start":{"line":7,"column":2},"end":{"line":17,"column":3}}},"2":{"name":"(anonymous_8)","decl":{"start":{"line":19,"column":2},"end":{"line":null,"column":-1}},"loc":{"start":{"line":19,"column":2},"end":{"line":24,"column":3}}}},"branchMap":{"0":{"loc":{"start":{"line":10,"column":28},"end":{"line":10,"column":41}},"type":"cond-expr","locations":[{"start":{"line":10,"column":28},"end":{"line":10,"column":41}},{"start":{"line":10,"column":44},"end":{"line":10,"column":48}}]},"1":{"loc":{"start":{"line":11,"column":34},"end":{"line":11,"column":50}},"type":"cond-expr","locations":[{"start":{"line":11,"column":34},"end":{"line":11,"column":50}},{"start":{"line":11,"column":53},"end":{"line":11,"column":57}}]}},"s":{"0":1,"1":1,"2":1,"3":1,"4":1,"5":1,"6":1,"7":2,"8":1,"9":2,"10":1,"11":1},"f":{"0":3,"1":2,"2":2},"b":{"0":[1,1],"1":[0,2]}},"/Users/alexlopez/Desktop/uikit-react/src/components/Grid/Grid.tsx":{"path":"/Users/alexlopez/Desktop/uikit-react/src/components/Grid/Grid.tsx","statementMap":{"0":{"start":{"line":1,"column":0},"end":{"line":1,"column":29}},"1":{"start":{"line":2,"column":0},"end":{"line":2,"column":40}},"2":{"start":{"line":3,"column":19},"end":{"line":3,"column":30}},"3":{"start":{"line":4,"column":0},"end":{"line":4,"column":58}},"4":{"start":{"line":6,"column":0},"end":{"line":6,"column":41}},"5":{"start":{"line":6,"column":26},"end":{"line":6,"column":57}},"6":{"start":{"line":7,"column":2},"end":{"line":18,"column":3}},"7":{"start":{"line":8,"column":4},"end":{"line":17,"column":5}},"8":{"start":{"line":20,"column":10},"end":{"line":27,"column":3}},"9":{"start":{"line":21,"column":4},"end":{"line":26,"column":6}},"10":{"start":{"line":28,"column":0},"end":{"line":28,"column":1}},"11":{"start":{"line":6,"column":13},"end":{"line":6,"column":17}}},"fnMap":{"0":{"name":"(anonymous_5)","decl":{"start":{"line":6,"column":0},"end":{"line":null,"column":-1}},"loc":{"start":{"line":6,"column":0},"end":{"line":6,"column":-1}}},"1":{"name":"(anonymous_7)","decl":{"start":{"line":7,"column":2},"end":{"line":null,"column":-1}},"loc":{"start":{"line":7,"column":2},"end":{"line":18,"column":3}}},"2":{"name":"(anonymous_8)","decl":{"start":{"line":20,"column":2},"end":{"line":null,"column":-1}},"loc":{"start":{"line":20,"column":2},"end":{"line":27,"column":3}}}},"branchMap":{"0":{"loc":{"start":{"line":10,"column":28},"end":{"line":10,"column":41}},"type":"cond-expr","locations":[{"start":{"line":10,"column":28},"end":{"line":10,"column":41}},{"start":{"line":10,"column":44},"end":{"line":10,"column":48}}]},"1":{"loc":{"start":{"line":11,"column":34},"end":{"line":11,"column":50}},"type":"cond-expr","locations":[{"start":{"line":11,"column":34},"end":{"line":11,"column":50}},{"start":{"line":11,"column":53},"end":{"line":11,"column":57}}]},"2":{"loc":{"start":{"line":13,"column":43},"end":{"line":13,"column":61}},"type":"cond-expr","locations":[{"start":{"line":13,"column":43},"end":{"line":13,"column":61}},{"start":{"line":13,"column":64},"end":{"line":13,"column":66}}]}},"s":{"0":1,"1":1,"2":1,"3":1,"4":1,"5":1,"6":1,"7":2,"8":1,"9":2,"10":1,"11":1},"f":{"0":3,"1":2,"2":2},"b":{"0":[0,2],"1":[0,2],"2":[0,2]}}}}