TN:
SF:/Users/alexlopez/Desktop/uikit-react/config/polyfills.js
FNF:0
FNH:0
DA:1,23
DA:4,23
DA:6,23
LF:3
LH:3
BRF:0
BRH:0
end_of_record
TN:
SF:/Users/alexlopez/Desktop/uikit-react/src/components/Accordion/Accordion.tsx
FN:6,(anonymous_5)
FN:11,Accordion
FN:16,(anonymous_7)
FN:27,(anonymous_8)
FN:71,(anonymous_9)
FN:77,(anonymous_10)
FNF:6
FNH:5
FNDA:2,(anonymous_5)
FNDA:4,Accordion
FNDA:6,(anonymous_7)
FNDA:0,(anonymous_8)
FNDA:1,(anonymous_9)
FNDA:4,(anonymous_10)
DA:1,2
DA:2,2
DA:4,2
DA:6,2
DA:12,4
DA:13,4
DA:16,6
DA:17,6
DA:19,6
DA:20,4
DA:21,4
DA:23,4
DA:24,4
DA:28,0
DA:32,0
DA:33,0
DA:38,0
DA:39,0
DA:44,0
DA:45,0
DA:50,0
DA:51,0
DA:56,0
DA:57,0
DA:62,0
DA:63,0
DA:71,2
DA:72,1
DA:74,1
DA:77,2
DA:78,4
DA:89,2
DA:91,2
LF:33
LH:20
BRDA:12,0,0,4
BRDA:12,0,1,4
BRDA:19,1,0,4
BRDA:19,1,1,2
BRDA:23,2,0,4
BRDA:23,2,1,0
BRDA:32,3,0,0
BRDA:32,3,1,0
BRDA:32,4,0,0
BRDA:32,4,1,0
BRDA:38,5,0,0
BRDA:38,5,1,0
BRDA:38,6,0,0
BRDA:38,6,1,0
BRDA:44,7,0,0
BRDA:44,7,1,0
BRDA:44,8,0,0
BRDA:44,8,1,0
BRDA:50,9,0,0
BRDA:50,9,1,0
BRDA:50,10,0,0
BRDA:50,10,1,0
BRDA:56,11,0,0
BRDA:56,11,1,0
BRDA:56,12,0,0
BRDA:56,12,1,0
BRDA:62,13,0,0
BRDA:62,13,1,0
BRDA:62,14,0,0
BRDA:62,14,1,0
BRDA:74,15,0,1
BRDA:74,15,1,0
BRDA:81,16,0,0
BRDA:81,16,1,4
BRDA:82,17,0,0
BRDA:82,17,1,4
BRF:36
BRH:8
end_of_record
TN:
SF:/Users/alexlopez/Desktop/uikit-react/src/components/Accordion/AccordionItem.tsx
FN:3,(anonymous_2)
FNF:1
FNH:1
FNDA:12,(anonymous_2)
DA:1,2
DA:3,12
DA:12,2
LF:3
LH:3
BRF:0
BRH:0
end_of_record
TN:
SF:/Users/alexlopez/Desktop/uikit-react/src/components/Accordion/index.ts
FNF:0
FNH:0
DA:1,1
DA:2,1
LF:2
LH:2
BRF:0
BRH:0
end_of_record
TN:
SF:/Users/alexlopez/Desktop/uikit-react/src/components/Alert/Alert.tsx
FN:8,(anonymous_6)
FN:11,Alert
FN:19,(anonymous_8)
FN:21,(anonymous_9)
FN:27,(anonymous_10)
FN:32,(anonymous_11)
FN:57,(anonymous_12)
FN:62,(anonymous_13)
FN:64,(anonymous_14)
FN:72,(anonymous_15)
FNF:10
FNH:5
FNDA:1,(anonymous_6)
FNDA:3,Alert
FNDA:4,(anonymous_8)
FNDA:0,(anonymous_9)
FNDA:0,(anonymous_10)
FNDA:3,(anonymous_11)
FNDA:0,(anonymous_12)
FNDA:0,(anonymous_13)
FNDA:0,(anonymous_14)
FNDA:3,(anonymous_15)
DA:1,1
DA:2,1
DA:3,1
DA:5,1
DA:6,1
DA:8,1
DA:12,3
DA:13,3
DA:19,4
DA:20,4
DA:21,0
DA:22,0
DA:27,1
DA:28,0
DA:29,0
DA:32,1
DA:33,3
DA:35,3
DA:57,1
DA:58,0
DA:63,0
DA:64,0
DA:65,0
DA:66,0
DA:72,1
DA:73,3
DA:78,1
LF:27
LH:18
BRDA:12,0,0,3
BRDA:12,0,1,3
BRDA:20,1,0,0
BRDA:20,1,1,4
BRDA:28,2,0,0
BRDA:28,2,1,0
BRDA:29,3,0,0
BRDA:29,3,1,0
BRDA:33,4,0,0
BRDA:33,4,1,3
BRDA:37,5,0,0
BRDA:37,5,1,3
BRDA:42,6,0,0
BRDA:42,6,1,3
BRDA:43,7,0,0
BRDA:43,7,1,3
BRDA:48,8,0,2
BRDA:48,8,1,1
BRDA:63,9,0,0
BRDA:63,9,1,0
BRDA:66,10,0,0
BRDA:66,10,1,0
BRF:22
BRH:9
end_of_record
TN:
SF:/Users/alexlopez/Desktop/uikit-react/src/components/Article/Article.tsx
FN:4,(anonymous_5)
FN:5,(anonymous_7)
FNF:2
FNH:2
FNDA:3,(anonymous_5)
FNDA:2,(anonymous_7)
DA:1,1
DA:2,1
DA:4,1
DA:5,1
DA:6,2
DA:22,1
LF:6
LH:6
BRDA:8,0,0,0
BRDA:8,0,1,2
BRDA:9,1,0,0
BRDA:9,1,1,2
BRDA:16,2,0,1
BRDA:16,2,1,1
BRDA:17,3,0,1
BRDA:17,3,1,1
BRF:8
BRH:6
end_of_record
TN:
SF:/Users/alexlopez/Desktop/uikit-react/src/components/Badge/Badge.tsx
FN:4,(anonymous_5)
FN:5,(anonymous_7)
FNF:2
FNH:2
FNDA:2,(anonymous_5)
FNDA:1,(anonymous_7)
DA:1,1
DA:2,1
DA:4,1
DA:5,1
DA:6,1
DA:16,1
LF:6
LH:6
BRDA:8,0,0,0
BRDA:8,0,1,1
BRDA:9,1,0,0
BRDA:9,1,1,1
BRF:4
BRH:2
end_of_record
TN:
SF:/Users/alexlopez/Desktop/uikit-react/src/components/Breadcrumb/Breadcrumb.tsx
FN:4,(anonymous_5)
FN:5,(anonymous_7)
FNF:2
FNH:2
FNDA:2,(anonymous_5)
FNDA:1,(anonymous_7)
DA:1,1
DA:2,1
DA:4,1
DA:5,1
DA:6,1
DA:16,1
LF:6
LH:6
BRDA:8,0,0,0
BRDA:8,0,1,1
BRDA:9,1,0,0
BRDA:9,1,1,1
BRF:4
BRH:2
end_of_record
TN:
SF:/Users/alexlopez/Desktop/uikit-react/src/components/Button/Button.tsx
FN:6,(anonymous_5)
FN:7,(anonymous_7)
FN:32,(anonymous_8)
FN:36,(anonymous_9)
FNF:4
FNH:4
FNDA:3,(anonymous_5)
FNDA:2,(anonymous_7)
FNDA:2,(anonymous_8)
FNDA:2,(anonymous_9)
DA:1,1
DA:2,1
DA:3,1
DA:4,1
DA:6,1
DA:7,1
DA:8,2
DA:32,1
DA:33,2
DA:36,1
DA:37,2
DA:44,1
LF:12
LH:12
BRDA:9,0,0,0
BRDA:9,0,1,2
BRDA:10,1,0,0
BRDA:10,1,1,0
BRDA:11,2,0,0
BRDA:11,2,1,0
BRDA:21,3,0,0
BRDA:21,3,1,2
BRDA:22,4,0,0
BRDA:22,4,1,2
BRF:10
BRH:3
end_of_record
TN:
SF:/Users/alexlopez/Desktop/uikit-react/src/components/Card/Card.tsx
FN:6,(anonymous_5)
FN:7,(anonymous_7)
FN:19,(anonymous_8)
FNF:3
FNH:3
FNDA:4,(anonymous_5)
FNDA:3,(anonymous_7)
FNDA:3,(anonymous_8)
DA:1,1
DA:2,1
DA:3,1
DA:4,1
DA:6,1
DA:7,1
DA:8,3
DA:19,1
DA:20,3
DA:28,1
LF:10
LH:10
BRDA:10,0,0,0
BRDA:10,0,1,3
BRDA:11,1,0,0
BRDA:11,1,1,3
BRF:4
BRH:2
end_of_record
TN:
SF:/Users/alexlopez/Desktop/uikit-react/src/components/Card/CardBody.tsx
FN:4,(anonymous_5)
FN:5,(anonymous_7)
FNF:2
FNH:2
FNDA:4,(anonymous_5)
FNDA:3,(anonymous_7)
DA:1,1
DA:2,1
DA:4,1
DA:5,1
DA:6,3
DA:16,1
LF:6
LH:6
BRDA:8,0,0,0
BRDA:8,0,1,3
BRDA:9,1,0,0
BRDA:9,1,1,3
BRF:4
BRH:2
end_of_record
TN:
SF:/Users/alexlopez/Desktop/uikit-react/src/components/Card/CardFooter.tsx
FN:4,(anonymous_5)
FN:5,(anonymous_7)
FNF:2
FNH:2
FNDA:4,(anonymous_5)
FNDA:3,(anonymous_7)
DA:1,1
DA:2,1
DA:4,1
DA:5,1
DA:6,3
DA:16,1
LF:6
LH:6
BRDA:8,0,0,0
BRDA:8,0,1,3
BRDA:9,1,0,0
BRDA:9,1,1,3
BRF:4
BRH:2
end_of_record
TN:
SF:/Users/alexlopez/Desktop/uikit-react/src/components/Card/CardHeader.tsx
FN:4,(anonymous_5)
FN:5,(anonymous_7)
FNF:2
FNH:2
FNDA:4,(anonymous_5)
FNDA:3,(anonymous_7)
DA:1,1
DA:2,1
DA:4,1
DA:5,1
DA:6,3
DA:16,1
LF:6
LH:6
BRDA:8,0,0,0
BRDA:8,0,1,3
BRDA:9,1,0,0
BRDA:9,1,1,3
BRF:4
BRH:2
end_of_record
TN:
SF:/Users/alexlopez/Desktop/uikit-react/src/components/Card/CardTitle.tsx
FN:4,(anonymous_5)
FN:5,(anonymous_7)
FNF:2
FNH:2
FNDA:4,(anonymous_5)
FNDA:3,(anonymous_7)
DA:1,1
DA:2,1
DA:4,1
DA:5,1
DA:6,3
DA:16,1
LF:6
LH:6
BRDA:8,0,0,0
BRDA:8,0,1,3
BRDA:9,1,0,0
BRDA:9,1,1,3
BRF:4
BRH:2
end_of_record
TN:
SF:/Users/alexlopez/Desktop/uikit-react/src/components/Card/index.ts
FNF:0
FNH:0
DA:1,1
DA:2,1
DA:3,1
DA:4,1
DA:5,1
LF:5
LH:5
BRF:0
BRH:0
end_of_record
TN:
SF:/Users/alexlopez/Desktop/uikit-react/src/components/Container/Container.tsx
FN:7,(anonymous_5)
FN:8,(anonymous_7)
FN:20,(anonymous_8)
FNF:3
FNH:3
FNDA:6,(anonymous_5)
FNDA:4,(anonymous_7)
FNDA:4,(anonymous_8)
DA:1,2
DA:2,2
DA:3,2
DA:5,2
DA:7,2
DA:8,2
DA:9,4
DA:20,2
DA:21,4
DA:27,2
LF:10
LH:10
BRDA:11,0,0,0
BRDA:11,0,1,4
BRDA:12,1,0,0
BRDA:12,1,1,4
BRF:4
BRH:2
end_of_record
TN:
SF:/Users/alexlopez/Desktop/uikit-react/src/components/Cover/Cover.tsx
FN:4,(anonymous_5)
FN:5,(anonymous_7)
FN:18,(anonymous_8)
FN:24,(anonymous_9)
FNF:4
FNH:4
FNDA:3,(anonymous_5)
FNDA:2,(anonymous_7)
FNDA:2,(anonymous_8)
FNDA:2,(anonymous_9)
DA:1,1
DA:2,1
DA:4,1
DA:5,1
DA:6,2
DA:18,1
DA:19,2
DA:20,0
DA:24,1
DA:25,2
DA:26,1
DA:36,1
DA:37,1
DA:51,0
DA:53,1
LF:15
LH:13
BRDA:8,0,0,0
BRDA:8,0,1,2
BRDA:9,1,0,0
BRDA:9,1,1,2
BRDA:19,2,0,0
BRDA:19,2,1,2
BRDA:25,3,0,1
BRDA:25,3,1,1
BRDA:36,4,0,1
BRDA:36,4,1,0
BRF:10
BRH:6
end_of_record
TN:
SF:/Users/alexlopez/Desktop/uikit-react/src/components/Dark/Dark.tsx
FN:4,(anonymous_5)
FN:5,(anonymous_7)
FNF:2
FNH:2
FNDA:2,(anonymous_5)
FNDA:1,(anonymous_7)
DA:1,1
DA:2,1
DA:4,1
DA:5,1
DA:6,1
DA:16,1
LF:6
LH:6
BRDA:8,0,0,0
BRDA:8,0,1,1
BRDA:9,1,0,0
BRDA:9,1,1,1
BRF:4
BRH:2
end_of_record
TN:
SF:/Users/alexlopez/Desktop/uikit-react/src/components/Dropdown/Dropdown.tsx
FN:4,(anonymous_5)
FN:5,(anonymous_7)
FNF:2
FNH:2
FNDA:3,(anonymous_5)
FNDA:2,(anonymous_7)
DA:1,1
DA:2,1
DA:4,1
DA:5,1
DA:6,2
DA:18,1
LF:6
LH:6
BRDA:8,0,0,0
BRDA:8,0,1,2
BRDA:10,1,0,1
BRDA:10,1,1,1
BRDA:12,2,0,0
BRDA:12,2,1,2
BRF:6
BRH:4
end_of_record
TN:
SF:/Users/alexlopez/Desktop/uikit-react/src/components/Flex/Flex.tsx
FN:6,(anonymous_5)
FN:7,(anonymous_7)
FN:19,(anonymous_8)
FNF:3
FNH:3
FNDA:3,(anonymous_5)
FNDA:2,(anonymous_7)
FNDA:2,(anonymous_8)
DA:1,1
DA:2,1
DA:3,1
DA:4,1
DA:6,1
DA:7,1
DA:8,2
DA:19,1
DA:20,2
DA:22,2
DA:30,1
LF:11
LH:11
BRDA:10,0,0,0
BRDA:10,0,1,2
BRDA:11,1,0,0
BRDA:11,1,1,2
BRDA:20,2,0,1
BRDA:20,2,1,1
BRF:6
BRH:4
end_of_record
TN:
SF:/Users/alexlopez/Desktop/uikit-react/src/components/Grid/Grid.tsx
FN:6,(anonymous_5)
FN:7,(anonymous_7)
FN:20,(anonymous_8)
FNF:3
FNH:3
FNDA:3,(anonymous_5)
FNDA:2,(anonymous_7)
FNDA:2,(anonymous_8)
DA:1,1
DA:2,1
DA:3,1
DA:4,1
DA:6,1
DA:7,1
DA:8,2
DA:20,1
DA:21,2
DA:28,1
LF:10
LH:10
BRDA:10,0,0,0
BRDA:10,0,1,2
BRDA:11,1,0,0
BRDA:11,1,1,2
BRDA:13,2,0,0
BRDA:13,2,1,2
BRF:6
BRH:3
end_of_record
TN:
SF:/Users/alexlopez/Desktop/uikit-react/src/components/Icon/Icon.tsx
FN:7,(anonymous_6)
FN:8,(anonymous_8)
FN:12,(anonymous_9)
FN:48,(anonymous_10)
FNF:4
FNH:4
FNDA:7,(anonymous_6)
FNDA:5,(anonymous_8)
FNDA:5,(anonymous_9)
FNDA:5,(anonymous_10)
DA:1,2
DA:2,2
DA:4,2
DA:5,2
DA:7,2
DA:8,2
DA:9,5
DA:12,2
DA:13,5
DA:14,1
DA:24,4
DA:25,1
DA:38,3
DA:48,2
DA:49,5
DA:57,2
LF:16
LH:16
BRDA:13,0,0,1
BRDA:13,0,1,4
BRDA:16,1,0,0
BRDA:16,1,1,1
BRDA:17,2,0,0
BRDA:17,2,1,1
BRDA:24,3,0,1
BRDA:24,3,1,3
BRDA:27,4,0,0
BRDA:27,4,1,1
BRDA:40,5,0,0
BRDA:40,5,1,3
BRDA:41,6,0,0
BRDA:41,6,1,3
BRF:14
BRH:9
end_of_record
TN:
SF:/Users/alexlopez/Desktop/uikit-react/src/components/Image/Image.tsx
FN:6,(anonymous_5)
FN:7,(anonymous_7)
FNF:2
FNH:2
FNDA:2,(anonymous_5)
FNDA:1,(anonymous_7)
DA:1,1
DA:2,1
DA:3,1
DA:6,1
DA:7,1
DA:8,1
DA:20,1
LF:7
LH:7
BRDA:10,0,0,0
BRDA:10,0,1,1
BRDA:14,1,0,0
BRDA:14,1,1,1
BRDA:16,2,0,0
BRDA:16,2,1,1
BRF:6
BRH:3
end_of_record
TN:
SF:/Users/alexlopez/Desktop/uikit-react/src/components/Label/Label.tsx
FN:6,(anonymous_5)
FN:7,(anonymous_7)
FN:19,(anonymous_8)
FNF:3
FNH:2
FNDA:3,(anonymous_5)
FNDA:2,(anonymous_7)
FNDA:0,(anonymous_8)
DA:1,1
DA:2,1
DA:3,1
DA:4,1
DA:6,1
DA:7,1
DA:8,2
DA:19,1
DA:20,0
DA:24,1
LF:10
LH:9
BRDA:10,0,0,0
BRDA:10,0,1,2
BRDA:11,1,0,0
BRDA:11,1,1,2
BRF:4
BRH:2
end_of_record
TN:
SF:/Users/alexlopez/Desktop/uikit-react/src/components/Light/Light.tsx
FN:4,(anonymous_5)
FN:5,(anonymous_7)
FNF:2
FNH:2
FNDA:2,(anonymous_5)
FNDA:1,(anonymous_7)
DA:1,1
DA:2,1
DA:4,1
DA:5,1
DA:6,1
DA:16,1
LF:6
LH:6
BRDA:8,0,0,0
BRDA:8,0,1,1
BRDA:9,1,0,0
BRDA:9,1,1,1
BRF:4
BRH:2
end_of_record
TN:
SF:/Users/alexlopez/Desktop/uikit-react/src/components/Lightbox/Lightbox.tsx
FN:4,(anonymous_5)
FN:5,(anonymous_7)
FNF:2
FNH:2
FNDA:2,(anonymous_5)
FNDA:1,(anonymous_7)
DA:1,1
DA:2,1
DA:4,1
DA:5,1
DA:6,1
DA:17,1
LF:6
LH:6
BRDA:8,0,0,0
BRDA:8,0,1,1
BRDA:9,1,0,0
BRDA:9,1,1,1
BRDA:11,2,0,1
BRDA:11,2,1,0
BRF:6
BRH:3
end_of_record
TN:
SF:/Users/alexlopez/Desktop/uikit-react/src/components/Link/Link.tsx
FN:6,(anonymous_5)
FN:7,(anonymous_7)
FN:21,(anonymous_8)
FNF:3
FNH:3
FNDA:14,(anonymous_5)
FNDA:11,(anonymous_7)
FNDA:11,(anonymous_8)
DA:1,3
DA:2,3
DA:3,3
DA:4,3
DA:6,3
DA:7,3
DA:8,11
DA:21,3
DA:22,11
DA:27,3
LF:10
LH:10
BRDA:10,0,0,0
BRDA:10,0,1,11
BRDA:11,1,0,0
BRDA:11,1,1,11
BRDA:12,2,0,1
BRDA:12,2,1,10
BRF:6
BRH:4
end_of_record
TN:
SF:/Users/alexlopez/Desktop/uikit-react/src/components/List/List.tsx
FN:6,(anonymous_5)
FN:7,(anonymous_7)
FN:19,(anonymous_8)
FNF:3
FNH:3
FNDA:4,(anonymous_5)
FNDA:3,(anonymous_7)
FNDA:3,(anonymous_8)
DA:1,1
DA:2,1
DA:3,1
DA:4,1
DA:6,1
DA:7,1
DA:8,3
DA:19,1
DA:20,3
DA:25,1
LF:10
LH:10
BRDA:10,0,0,0
BRDA:10,0,1,3
BRDA:11,1,0,0
BRDA:11,1,1,3
BRF:4
BRH:2
end_of_record
TN:
SF:/Users/alexlopez/Desktop/uikit-react/src/components/List/ListItem.tsx
FN:4,(anonymous_5)
FN:5,(anonymous_7)
FNF:2
FNH:2
FNDA:10,(anonymous_5)
FNDA:9,(anonymous_7)
DA:1,1
DA:2,1
DA:4,1
DA:5,1
DA:6,9
DA:16,1
LF:6
LH:6
BRDA:8,0,0,0
BRDA:8,0,1,9
BRDA:9,1,0,0
BRDA:9,1,1,9
BRF:4
BRH:2
end_of_record
TN:
SF:/Users/alexlopez/Desktop/uikit-react/src/components/List/index.ts
FNF:0
FNH:0
DA:1,1
DA:2,1
LF:2
LH:2
BRF:0
BRH:0
end_of_record
TN:
SF:/Users/alexlopez/Desktop/uikit-react/src/components/Margin/Margin.tsx
FN:6,(anonymous_5)
FN:7,(anonymous_7)
FN:20,(anonymous_8)
FN:24,(anonymous_9)
FNF:4
FNH:4
FNDA:2,(anonymous_5)
FNDA:1,(anonymous_7)
FNDA:1,(anonymous_8)
FNDA:1,(anonymous_9)
DA:1,1
DA:2,1
DA:3,1
DA:4,1
DA:6,1
DA:7,1
DA:8,1
DA:20,1
DA:21,1
DA:24,1
DA:25,1
DA:28,1
DA:32,1
LF:13
LH:13
BRDA:10,0,0,0
BRDA:10,0,1,1
BRDA:11,1,0,0
BRDA:11,1,1,1
BRF:4
BRH:2
end_of_record
TN:
SF:/Users/alexlopez/Desktop/uikit-react/src/components/Nav/Nav.tsx
FN:6,(anonymous_5)
FN:7,(anonymous_7)
FN:20,(anonymous_8)
FNF:3
FNH:3
FNDA:4,(anonymous_5)
FNDA:3,(anonymous_7)
FNDA:3,(anonymous_8)
DA:1,1
DA:2,1
DA:3,1
DA:4,1
DA:6,1
DA:7,1
DA:8,3
DA:20,1
DA:21,3
DA:29,1
LF:10
LH:10
BRDA:10,0,0,0
BRDA:10,0,1,3
BRDA:11,1,0,0
BRDA:11,1,1,3
BRDA:13,2,0,1
BRDA:13,2,1,2
BRF:6
BRH:4
end_of_record
TN:
SF:/Users/alexlopez/Desktop/uikit-react/src/components/Nav/NavItem.tsx
FN:6,(anonymous_5)
FN:7,(anonymous_7)
FN:19,(anonymous_8)
FNF:3
FNH:3
FNDA:7,(anonymous_5)
FNDA:6,(anonymous_7)
FNDA:6,(anonymous_8)
DA:1,1
DA:2,1
DA:3,1
DA:4,1
DA:6,1
DA:7,1
DA:8,6
DA:19,1
DA:20,6
DA:26,1
LF:10
LH:10
BRDA:10,0,0,0
BRDA:10,0,1,6
BRDA:11,1,0,0
BRDA:11,1,1,6
BRF:4
BRH:2
end_of_record
TN:
SF:/Users/alexlopez/Desktop/uikit-react/src/components/Nav/index.ts
FNF:0
FNH:0
DA:1,1
DA:2,1
LF:2
LH:2
BRF:0
BRH:0
end_of_record
TN:
SF:/Users/alexlopez/Desktop/uikit-react/src/components/Panel/Panel.tsx
FN:6,(anonymous_5)
FN:7,(anonymous_7)
FN:19,(anonymous_8)
FNF:3
FNH:3
FNDA:3,(anonymous_5)
FNDA:2,(anonymous_7)
FNDA:2,(anonymous_8)
DA:1,1
DA:2,1
DA:3,1
DA:4,1
DA:6,1
DA:7,1
DA:8,2
DA:19,1
DA:20,2
DA:25,1
LF:10
LH:10
BRDA:10,0,0,1
BRDA:10,0,1,1
BRDA:11,1,0,0
BRDA:11,1,1,2
BRF:4
BRH:3
end_of_record
TN:
SF:/Users/alexlopez/Desktop/uikit-react/src/utils/set-class-names.ts
FN:4,setClassNames
FNF:1
FNH:1
FNDA:85,setClassNames
DA:1,22
DA:2,22
DA:4,22
DA:5,85
DA:6,85
DA:7,85
DA:8,85
DA:9,85
DA:10,85
DA:12,85
LF:10
LH:10
BRDA:5,0,0,0
BRDA:5,0,1,85
BRDA:6,1,0,1
BRDA:6,1,1,84
BRDA:7,2,0,0
BRDA:7,2,1,85
BRDA:8,3,0,0
BRDA:8,3,1,85
BRDA:9,4,0,0
BRDA:9,4,1,85
BRDA:10,5,0,0
BRDA:10,5,1,85
BRF:12
BRH:7
end_of_record
